Flow report for psconfig_top
Sun Aug 03 03:53:35 2014
Quartus II 64-Bit Version 14.0.0 Build 200 06/17/2014 SJ Web Edition


---------------------
; Table of Contents ;
---------------------
  1. Legal Notice
  2. Flow Summary
  3. Flow Settings
  4. Flow Non-Default Global Settings
  5. Flow Elapsed Time
  6. Flow OS Summary
  7. Flow Log
  8. Flow Messages
  9. Flow Suppressed Messages



----------------
; Legal Notice ;
----------------
Copyright (C) 1991-2014 Altera Corporation. All rights reserved.
Your use of Altera Corporation's design tools, logic functions 
and other software and tools, and its AMPP partner logic 
functions, and any output files from any of the foregoing 
(including device programming or simulation files), and any 
associated documentation or information are expressly subject 
to the terms and conditions of the Altera Program License 
Subscription Agreement, the Altera Quartus II License Agreement,
the Altera MegaCore Function License Agreement, or other 
applicable license agreement, including, without limitation, 
that your use is for the sole purpose of programming logic 
devices manufactured by Altera and sold by Altera or its 
authorized distributors.  Please refer to the applicable 
agreement for further details.



+------------------------------------------------------------------------+
; Flow Summary                                                           ;
+---------------------------+--------------------------------------------+
; Flow Status               ; Successful - Sun Aug 03 03:53:35 2014      ;
; Quartus II 64-Bit Version ; 14.0.0 Build 200 06/17/2014 SJ Web Edition ;
; Revision Name             ; psconfig_top                               ;
; Top-level Entity Name     ; psconfig_top                               ;
; Family                    ; MAX V                                      ;
; Device                    ; 5M160ZE64C5                                ;
; Timing Models             ; Final                                      ;
; Total logic elements      ; 157 / 160 ( 98 % )                         ;
; Total pins                ; 40 / 54 ( 74 % )                           ;
; Total virtual pins        ; 0                                          ;
; UFM blocks                ; 1 / 1 ( 100 % )                            ;
+---------------------------+--------------------------------------------+


+-----------------------------------------+
; Flow Settings                           ;
+-------------------+---------------------+
; Option            ; Setting             ;
+-------------------+---------------------+
; Start date & time ; 08/03/2014 03:53:23 ;
; Main task         ; Compilation         ;
; Revision Name     ; psconfig_top        ;
+-------------------+---------------------+


+----------------------------------------------------------------------------------------------------------------------------------+
; Flow Non-Default Global Settings                                                                                                 ;
+-------------------------------------------------+---------------------------------+---------------+-------------+----------------+
; Assignment Name                                 ; Value                           ; Default Value ; Entity Name ; Section Id     ;
+-------------------------------------------------+---------------------------------+---------------+-------------+----------------+
; ADV_NETLIST_OPT_SYNTH_WYSIWYG_REMAP             ; On                              ; Off           ; --          ; --             ;
; ALLOW_SHIFT_REGISTER_MERGING_ACROSS_HIERARCHIES ; Always                          ; Auto          ; --          ; --             ;
; AUTO_SHIFT_REGISTER_RECOGNITION                 ; Always                          ; Auto          ; --          ; --             ;
; COMPILER_SIGNATURE_ID                           ; 202818018146334.140700560303768 ; --            ; --          ; --             ;
; EDA_OUTPUT_DATA_FORMAT                          ; Vhdl                            ; --            ; --          ; eda_simulation ;
; EDA_SIMULATION_TOOL                             ; ModelSim-Altera (VHDL)          ; <None>        ; --          ; --             ;
; MAXII_OPTIMIZATION_TECHNIQUE                    ; Area                            ; Balanced      ; --          ; --             ;
; MAX_CORE_JUNCTION_TEMP                          ; 85                              ; --            ; --          ; --             ;
; MIN_CORE_JUNCTION_TEMP                          ; 0                               ; --            ; --          ; --             ;
; MUX_RESTRUCTURE                                 ; On                              ; Auto          ; --          ; --             ;
; POWER_PRESET_COOLING_SOLUTION                   ; No Heat Sink With Still Air     ; --            ; --          ; --             ;
; PROJECT_OUTPUT_DIRECTORY                        ; output_files                    ; --            ; --          ; --             ;
; REMOVE_REDUNDANT_LOGIC_CELLS                    ; On                              ; Off           ; --          ; --             ;
; STATE_MACHINE_PROCESSING                        ; Minimal Bits                    ; Auto          ; --          ; --             ;
; SYNTH_TIMING_DRIVEN_SYNTHESIS                   ; Off                             ; --            ; --          ; --             ;
+-------------------------------------------------+---------------------------------+---------------+-------------+----------------+


+-------------------------------------------------------------------------------------------------------------------------------+
; Flow Elapsed Time                                                                                                             ;
+---------------------------+--------------+-------------------------+---------------------+------------------------------------+
; Module Name               ; Elapsed Time ; Average Processors Used ; Peak Virtual Memory ; Total CPU Time (on all processors) ;
+---------------------------+--------------+-------------------------+---------------------+------------------------------------+
; Analysis & Synthesis      ; 00:00:01     ; 1.0                     ; 552 MB              ; 00:00:02                           ;
; Fitter                    ; 00:00:01     ; 1.0                     ; 1067 MB             ; 00:00:01                           ;
; Assembler                 ; 00:00:01     ; 1.0                     ; 472 MB              ; 00:00:00                           ;
; TimeQuest Timing Analyzer ; 00:00:01     ; 1.0                     ; 470 MB              ; 00:00:01                           ;
; EDA Netlist Writer        ; 00:00:01     ; 1.0                     ; 431 MB              ; 00:00:01                           ;
; Total                     ; 00:00:05     ; --                      ; --                  ; 00:00:05                           ;
+---------------------------+--------------+-------------------------+---------------------+------------------------------------+


+----------------------------------------------------------------------------------------+
; Flow OS Summary                                                                        ;
+---------------------------+------------------+-----------+------------+----------------+
; Module Name               ; Machine Hostname ; OS Name   ; OS Version ; Processor type ;
+---------------------------+------------------+-----------+------------+----------------+
; Analysis & Synthesis      ; BRUENNHILDE      ; Windows 7 ; 6.2        ; x86_64         ;
; Fitter                    ; BRUENNHILDE      ; Windows 7 ; 6.2        ; x86_64         ;
; Assembler                 ; BRUENNHILDE      ; Windows 7 ; 6.2        ; x86_64         ;
; TimeQuest Timing Analyzer ; BRUENNHILDE      ; Windows 7 ; 6.2        ; x86_64         ;
; EDA Netlist Writer        ; BRUENNHILDE      ; Windows 7 ; 6.2        ; x86_64         ;
+---------------------------+------------------+-----------+------------+----------------+


------------
; Flow Log ;
------------
quartus_map --read_settings_files=on --write_settings_files=off psconfig_top -c psconfig_top
quartus_fit --read_settings_files=off --write_settings_files=off psconfig_top -c psconfig_top
quartus_asm --read_settings_files=off --write_settings_files=off psconfig_top -c psconfig_top
quartus_sta psconfig_top -c psconfig_top
quartus_eda --read_settings_files=off --write_settings_files=off psconfig_top -c psconfig_top



