Fitter report for psconfig_top
Sun Aug 03 03:53:27 2014
Quartus II 64-Bit Version 14.0.0 Build 200 06/17/2014 SJ Web Edition


---------------------
; Table of Contents ;
---------------------
  1. Legal Notice
  2. Fitter Summary
  3. Fitter Settings
  4. Parallel Compilation
  5. Pin-Out File
  6. Fitter Resource Usage Summary
  7. Input Pins
  8. Output Pins
  9. Bidir Pins
 10. I/O Bank Usage
 11. All Package Pins
 12. Output Pin Default Load For Reported TCO
 13. Fitter Resource Utilization by Entity
 14. Delay Chain Summary
 15. Control Signals
 16. Global & Other Fast Signals
 17. Non-Global High Fan-Out Signals
 18. Routing Usage Summary
 19. LAB Logic Elements
 20. LAB-wide Signals
 21. LAB Signals Sourced
 22. LAB Signals Sourced Out
 23. LAB Distinct Inputs
 24. Fitter Device Options
 25. Fitter Messages
 26. Fitter Suppressed Messages



----------------
; Legal Notice ;
----------------
Copyright (C) 1991-2014 Altera Corporation. All rights reserved.
Your use of Altera Corporation's design tools, logic functions 
and other software and tools, and its AMPP partner logic 
functions, and any output files from any of the foregoing 
(including device programming or simulation files), and any 
associated documentation or information are expressly subject 
to the terms and conditions of the Altera Program License 
Subscription Agreement, the Altera Quartus II License Agreement,
the Altera MegaCore Function License Agreement, or other 
applicable license agreement, including, without limitation, 
that your use is for the sole purpose of programming logic 
devices manufactured by Altera and sold by Altera or its 
authorized distributors.  Please refer to the applicable 
agreement for further details.



+------------------------------------------------------------------------+
; Fitter Summary                                                         ;
+---------------------------+--------------------------------------------+
; Fitter Status             ; Successful - Sun Aug 03 03:53:27 2014      ;
; Quartus II 64-Bit Version ; 14.0.0 Build 200 06/17/2014 SJ Web Edition ;
; Revision Name             ; psconfig_top                               ;
; Top-level Entity Name     ; psconfig_top                               ;
; Family                    ; MAX V                                      ;
; Device                    ; 5M160ZE64C5                                ;
; Timing Models             ; Final                                      ;
; Total logic elements      ; 157 / 160 ( 98 % )                         ;
; Total pins                ; 40 / 54 ( 74 % )                           ;
; Total virtual pins        ; 0                                          ;
; UFM blocks                ; 1 / 1 ( 100 % )                            ;
+---------------------------+--------------------------------------------+


+----------------------------------------------------------------------------------------------------------------------------------------------+
; Fitter Settings                                                                                                                              ;
+----------------------------------------------------------------------------+--------------------------------+--------------------------------+
; Option                                                                     ; Setting                        ; Default Value                  ;
+----------------------------------------------------------------------------+--------------------------------+--------------------------------+
; Device                                                                     ; 5M160ZE64C5                    ;                                ;
; Minimum Core Junction Temperature                                          ; 0                              ;                                ;
; Maximum Core Junction Temperature                                          ; 85                             ;                                ;
; Fit Attempts to Skip                                                       ; 0                              ; 0.0                            ;
; Device I/O Standard                                                        ; 3.3-V LVTTL                    ;                                ;
; Use smart compilation                                                      ; Off                            ; Off                            ;
; Enable parallel Assembler and TimeQuest Timing Analyzer during compilation ; On                             ; On                             ;
; Enable compact report table                                                ; Off                            ; Off                            ;
; Router Timing Optimization Level                                           ; Normal                         ; Normal                         ;
; Placement Effort Multiplier                                                ; 1.0                            ; 1.0                            ;
; Router Effort Multiplier                                                   ; 1.0                            ; 1.0                            ;
; Always Enable Input Buffers                                                ; Off                            ; Off                            ;
; Optimize Hold Timing                                                       ; IO Paths and Minimum TPD Paths ; IO Paths and Minimum TPD Paths ;
; Optimize Multi-Corner Timing                                               ; Off                            ; Off                            ;
; Guarantee I/O Paths Have Zero Hold Time at Fast Corner                     ; On                             ; On                             ;
; PowerPlay Power Optimization                                               ; Normal compilation             ; Normal compilation             ;
; Optimize Timing                                                            ; Normal compilation             ; Normal compilation             ;
; Optimize Timing for ECOs                                                   ; Off                            ; Off                            ;
; Regenerate full fit report during ECO compiles                             ; Off                            ; Off                            ;
; Optimize IOC Register Placement for Timing                                 ; Normal                         ; Normal                         ;
; Limit to One Fitting Attempt                                               ; Off                            ; Off                            ;
; Final Placement Optimizations                                              ; Automatically                  ; Automatically                  ;
; Fitter Aggressive Routability Optimizations                                ; Automatically                  ; Automatically                  ;
; Fitter Initial Placement Seed                                              ; 1                              ; 1                              ;
; Slow Slew Rate                                                             ; Off                            ; Off                            ;
; PCI I/O                                                                    ; Off                            ; Off                            ;
; Weak Pull-Up Resistor                                                      ; Off                            ; Off                            ;
; Enable Bus-Hold Circuitry                                                  ; Off                            ; Off                            ;
; Auto Delay Chains                                                          ; On                             ; On                             ;
; Auto Delay Chains for High Fanout Input Pins                               ; Off                            ; Off                            ;
; Perform Physical Synthesis for Combinational Logic for Performance         ; Off                            ; Off                            ;
; Perform Register Duplication for Performance                               ; Off                            ; Off                            ;
; Perform Register Retiming for Performance                                  ; Off                            ; Off                            ;
; Perform Asynchronous Signal Pipelining                                     ; Off                            ; Off                            ;
; Fitter Effort                                                              ; Auto Fit                       ; Auto Fit                       ;
; Physical Synthesis Effort Level                                            ; Normal                         ; Normal                         ;
; Logic Cell Insertion - Logic Duplication                                   ; Auto                           ; Auto                           ;
; Auto Register Duplication                                                  ; Auto                           ; Auto                           ;
; Auto Global Clock                                                          ; On                             ; On                             ;
; Auto Global Register Control Signals                                       ; On                             ; On                             ;
; Force Fitter to Avoid Periphery Placement Warnings                         ; Off                            ; Off                            ;
+----------------------------------------------------------------------------+--------------------------------+--------------------------------+


+------------------------------------------+
; Parallel Compilation                     ;
+----------------------------+-------------+
; Processors                 ; Number      ;
+----------------------------+-------------+
; Number detected on machine ; 8           ;
; Maximum allowed            ; 4           ;
;                            ;             ;
; Average used               ; 1.00        ;
; Maximum used               ; 4           ;
;                            ;             ;
; Usage by Processor         ; % Time Used ;
;     Processor 1            ; 100.0%      ;
;     Processors 2-4         ; < 0.1%      ;
;     Processors 5-8         ;   0.0%      ;
+----------------------------+-------------+


+--------------+
; Pin-Out File ;
+--------------+
The pin-out file can be found in C:/PROJECT/Physicaloid/c85_peridot/cpld/psconfig/qsf_v11/output_files/psconfig_top.pin.


+---------------------------------------------------------------------+
; Fitter Resource Usage Summary                                       ;
+---------------------------------------------+-----------------------+
; Resource                                    ; Usage                 ;
+---------------------------------------------+-----------------------+
; Total logic elements                        ; 157 / 160 ( 98 % )    ;
;     -- Combinational with no register       ; 60                    ;
;     -- Register only                        ; 6                     ;
;     -- Combinational with a register        ; 91                    ;
;                                             ;                       ;
; Logic element usage by number of LUT inputs ;                       ;
;     -- 4 input functions                    ; 66                    ;
;     -- 3 input functions                    ; 26                    ;
;     -- 2 input functions                    ; 50                    ;
;     -- 1 input functions                    ; 8                     ;
;     -- 0 input functions                    ; 1                     ;
;                                             ;                       ;
; Logic elements by mode                      ;                       ;
;     -- normal mode                          ; 126                   ;
;     -- arithmetic mode                      ; 31                    ;
;     -- qfbk mode                            ; 15                    ;
;     -- register cascade mode                ; 0                     ;
;     -- synchronous clear/load mode          ; 45                    ;
;     -- asynchronous clear/load mode         ; 64                    ;
;                                             ;                       ;
; Total registers                             ; 97 / 160 ( 61 % )     ;
; Total LABs                                  ; 16 / 16 ( 100 % )     ;
; Logic elements in carry chains              ; 34                    ;
; Virtual pins                                ; 0                     ;
; I/O pins                                    ; 40 / 54 ( 74 % )      ;
;     -- Clock pins                           ; 2 / 4 ( 50 % )        ;
;                                             ;                       ;
; Global signals                              ; 3                     ;
; UFM blocks                                  ; 1 / 1 ( 100 % )       ;
; Global clocks                               ; 3 / 4 ( 75 % )        ;
; JTAGs                                       ; 0 / 1 ( 0 % )         ;
; Average interconnect usage (total/H/V)      ; 21.1% / 22.4% / 19.8% ;
; Peak interconnect usage (total/H/V)         ; 21.1% / 22.4% / 19.8% ;
; Maximum fan-out                             ; 90                    ;
; Highest non-global fan-out                  ; 26                    ;
; Total fan-out                               ; 732                   ;
; Average fan-out                             ; 3.70                  ;
+---------------------------------------------+-----------------------+


+----------------------------------------------------------------------------------------------------------------------------------------------------------------------------------------------------------------------------------+
; Input Pins                                                                                                                                                                                                                       ;
+-------------+-------+----------+--------------+--------------+-------------+-----------------------+--------------------+--------+-----------------+----------+--------------+----------------------------+----------------------+
; Name        ; Pin # ; I/O Bank ; X coordinate ; Y coordinate ; Cell number ; Combinational Fan-Out ; Registered Fan-Out ; Global ; PCI I/O Enabled ; Bus Hold ; Weak Pull Up ; I/O Standard               ; Location assigned by ;
+-------------+-------+----------+--------------+--------------+-------------+-----------------------+--------------------+--------+-----------------+----------+--------------+----------------------------+----------------------+
; cbus6       ; 9     ; 1        ; 1            ; 2            ; 0           ; 0                     ; 0                  ; no     ; no              ; no       ; Off          ; 3.3-V LVTTL                ; User                 ;
; clk24mhz    ; 7     ; 1        ; 1            ; 3            ; 3           ; 90                    ; 0                  ; yes    ; no              ; no       ; Off          ; 3.3-V LVTTL                ; User                 ;
; confdone    ; 31    ; 1        ; 6            ; 0            ; 0           ; 2                     ; 0                  ; no     ; no              ; no       ; Off          ; 3.3-V LVTTL                ; User                 ;
; conn_tck_in ; 1     ; 1        ; 1            ; 4            ; 2           ; 2                     ; 0                  ; no     ; no              ; no       ; Off          ; 3.3V Schmitt Trigger Input ; User                 ;
; conn_tdi_in ; 2     ; 1        ; 1            ; 4            ; 3           ; 1                     ; 0                  ; no     ; no              ; no       ; Off          ; 3.3-V LVTTL                ; User                 ;
; conn_tms_in ; 64    ; 1        ; 1            ; 4            ; 1           ; 1                     ; 0                  ; no     ; no              ; no       ; Off          ; 3.3-V LVTTL                ; User                 ;
; mreset_n_in ; 62    ; 2        ; 2            ; 5            ; 1           ; 2                     ; 0                  ; no     ; no              ; no       ; Off          ; 3.3V Schmitt Trigger Input ; User                 ;
; msel1       ; 32    ; 1        ; 7            ; 0            ; 2           ; 2                     ; 0                  ; no     ; no              ; no       ; Off          ; 3.3-V LVTTL                ; User                 ;
; nstatus     ; 29    ; 1        ; 6            ; 0            ; 2           ; 1                     ; 0                  ; no     ; no              ; no       ; Off          ; 3.3-V LVTTL                ; User                 ;
; rxf_n       ; 22    ; 1        ; 3            ; 0            ; 3           ; 1                     ; 0                  ; no     ; no              ; no       ; On           ; 3.3-V LVTTL                ; User                 ;
; sci_rxd     ; 48    ; 2        ; 8            ; 4            ; 1           ; 1                     ; 0                  ; no     ; no              ; no       ; On           ; 3.3-V LVTTL                ; User                 ;
; sci_txr_n   ; 51    ; 2        ; 5            ; 5            ; 0           ; 1                     ; 0                  ; no     ; no              ; no       ; On           ; 3.3-V LVTTL                ; User                 ;
; tdo         ; 53    ; 2        ; 5            ; 5            ; 2           ; 2                     ; 0                  ; no     ; no              ; no       ; Off          ; 3.3-V LVTTL                ; User                 ;
; txe_n       ; 21    ; 1        ; 2            ; 0            ; 0           ; 1                     ; 0                  ; no     ; no              ; no       ; On           ; 3.3-V LVTTL                ; User                 ;
+-------------+-------+----------+--------------+--------------+-------------+-----------------------+--------------------+--------+-----------------+----------+--------------+----------------------------+----------------------+


+--------------------------------------------------------------------------------------------------------------------------------------------------------------------------------------------------------------------------------------------------------------------------------------------------------------------------------+
; Output Pins                                                                                                                                                                                                                                                                                                                    ;
+--------------+-------+----------+--------------+--------------+-------------+-----------------+----------------+-----------------+------------+---------------+----------+--------------+--------------+------------------+------------------------+----------------------+-------+----------------------+---------------------+
; Name         ; Pin # ; I/O Bank ; X coordinate ; Y coordinate ; Cell number ; Output Register ; Slow Slew Rate ; PCI I/O Enabled ; Open Drain ; TRI Primitive ; Bus Hold ; Weak Pull Up ; I/O Standard ; Current Strength ; Fast Output Connection ; Location assigned by ; Load  ; Output Enable Source ; Output Enable Group ;
+--------------+-------+----------+--------------+--------------+-------------+-----------------+----------------+-----------------+------------+---------------+----------+--------------+--------------+------------------+------------------------+----------------------+-------+----------------------+---------------------+
; conn_tdo_out ; 63    ; 2        ; 2            ; 5            ; 2           ; no              ; no             ; no              ; no         ; no            ; no       ; Off          ; 3.3-V LVTTL  ; 16mA             ; yes                    ; User                 ; 10 pF ; -                    ; -                   ;
; data0        ; 59    ; 2        ; 3            ; 5            ; 2           ; no              ; no             ; no              ; no         ; yes           ; no       ; Off          ; 3.3-V LVTTL  ; 16mA             ; no                     ; User                 ; 10 pF ; -                    ; -                   ;
; dclk         ; 58    ; 2        ; 3            ; 5            ; 1           ; no              ; no             ; no              ; no         ; yes           ; no       ; Off          ; 3.3-V LVTTL  ; 16mA             ; no                     ; User                 ; 10 pF ; -                    ; -                   ;
; led_n_out    ; 61    ; 2        ; 2            ; 5            ; 0           ; no              ; no             ; no              ; no         ; no            ; no       ; Off          ; 3.3-V LVTTL  ; 16mA             ; no                     ; User                 ; 10 pF ; -                    ; -                   ;
; nconfig      ; 30    ; 1        ; 6            ; 0            ; 1           ; no              ; no             ; no              ; yes        ; no            ; no       ; Off          ; 3.3-V LVTTL  ; 16mA             ; no                     ; User                 ; 10 pF ; -                    ; -                   ;
; rd_n         ; 5     ; 1        ; 1            ; 3            ; 2           ; no              ; no             ; no              ; no         ; no            ; no       ; Off          ; 3.3-V LVTTL  ; 16mA             ; no                     ; User                 ; 10 pF ; -                    ; -                   ;
; reset_n_out  ; 50    ; 2        ; 6            ; 5            ; 3           ; no              ; no             ; no              ; no         ; no            ; no       ; Off          ; 3.3-V LVTTL  ; 16mA             ; no                     ; User                 ; 10 pF ; -                    ; -                   ;
; sci_rxr_n    ; 52    ; 2        ; 5            ; 5            ; 1           ; no              ; no             ; no              ; no         ; no            ; no       ; Off          ; 3.3-V LVTTL  ; 16mA             ; no                     ; User                 ; 10 pF ; -                    ; -                   ;
; sci_sclk     ; 49    ; 2        ; 6            ; 5            ; 2           ; no              ; no             ; no              ; no         ; no            ; no       ; Off          ; 3.3-V LVTTL  ; 16mA             ; no                     ; User                 ; 10 pF ; -                    ; -                   ;
; sci_txd      ; 47    ; 2        ; 8            ; 4            ; 2           ; no              ; no             ; no              ; no         ; no            ; no       ; Off          ; 3.3-V LVTTL  ; 16mA             ; no                     ; User                 ; 10 pF ; -                    ; -                   ;
; si_wu_n      ; 3     ; 1        ; 1            ; 3            ; 0           ; no              ; no             ; no              ; no         ; no            ; no       ; Off          ; 3.3-V LVTTL  ; 16mA             ; no                     ; User                 ; 10 pF ; -                    ; -                   ;
; tck          ; 55    ; 2        ; 4            ; 5            ; 2           ; no              ; no             ; no              ; no         ; no            ; no       ; Off          ; 3.3-V LVTTL  ; 16mA             ; no                     ; User                 ; 10 pF ; -                    ; -                   ;
; tdi          ; 56    ; 2        ; 3            ; 5            ; 0           ; no              ; no             ; no              ; no         ; no            ; no       ; Off          ; 3.3-V LVTTL  ; 16mA             ; no                     ; User                 ; 10 pF ; -                    ; -                   ;
; tms          ; 54    ; 2        ; 4            ; 5            ; 0           ; no              ; no             ; no              ; no         ; no            ; no       ; Off          ; 3.3-V LVTTL  ; 16mA             ; no                     ; User                 ; 10 pF ; -                    ; -                   ;
; wr           ; 4     ; 1        ; 1            ; 3            ; 1           ; no              ; no             ; no              ; no         ; no            ; no       ; Off          ; 3.3-V LVTTL  ; 16mA             ; no                     ; User                 ; 10 pF ; -                    ; -                   ;
+--------------+-------+----------+--------------+--------------+-------------+-----------------+----------------+-----------------+------------+---------------+----------+--------------+--------------+------------------+------------------------+----------------------+-------+----------------------+---------------------+


+-------------------------------------------------------------------------------------------------------------------------------------------------------------------------------------------------------------------------------------------------------------------------------------------------------------------------------------------------------------------------------------------------------------+
; Bidir Pins                                                                                                                                                                                                                                                                                                                                                                                                  ;
+--------------+-------+----------+--------------+--------------+-------------+-----------------------+--------------------+--------+-----------------+----------------+-----------------+------------+----------+--------------+----------------------------+------------------+------------------------+----------------------+-------+-----------------------------------------------+---------------------+
; Name         ; Pin # ; I/O Bank ; X coordinate ; Y coordinate ; Cell number ; Combinational Fan-Out ; Registered Fan-Out ; Global ; Output Register ; Slow Slew Rate ; PCI I/O Enabled ; Open Drain ; Bus Hold ; Weak Pull Up ; I/O Standard               ; Current Strength ; Fast Output Connection ; Location assigned by ; Load  ; Output Enable Source                          ; Output Enable Group ;
+--------------+-------+----------+--------------+--------------+-------------+-----------------------+--------------------+--------+-----------------+----------------+-----------------+------------+----------+--------------+----------------------------+------------------+------------------------+----------------------+-------+-----------------------------------------------+---------------------+
; i2c_scl      ; 26    ; 1        ; 5            ; 0            ; 1           ; 1                     ; 0                  ; no     ; no              ; yes            ; no              ; yes        ; no       ; Off          ; 3.3V Schmitt Trigger Input ; 16mA             ; no                     ; User                 ; 10 pF ; i2c_scl~2 (inverted)                          ; -                   ;
; i2c_sda      ; 25    ; 1        ; 3            ; 0            ; 1           ; 1                     ; 0                  ; no     ; no              ; yes            ; no              ; yes        ; no       ; Off          ; 3.3V Schmitt Trigger Input ; 16mA             ; no                     ; User                 ; 10 pF ; i2c_sda~2 (inverted)                          ; -                   ;
; mreset_n_ext ; 27    ; 1        ; 5            ; 0            ; 0           ; 1                     ; 0                  ; no     ; no              ; no             ; no              ; yes        ; no       ; Off          ; 3.3V Schmitt Trigger Input ; 16mA             ; yes                    ; User                 ; 10 pF ; mreset_n_ext~2 (inverted)                     ; -                   ;
; ud[0]        ; 24    ; 1        ; 3            ; 0            ; 2           ; 1                     ; 0                  ; no     ; no              ; no             ; no              ; no         ; no       ; Off          ; 3.3-V LVTTL                ; 16mA             ; no                     ; User                 ; 10 pF ; avalonst_byte_to_usbfifo:inst_ftif|ft_doe_reg ; -                   ;
; ud[1]        ; 18    ; 1        ; 2            ; 0            ; 3           ; 1                     ; 0                  ; no     ; no              ; no             ; no              ; no         ; no       ; Off          ; 3.3-V LVTTL                ; 16mA             ; yes                    ; User                 ; 10 pF ; avalonst_byte_to_usbfifo:inst_ftif|ft_doe_reg ; -                   ;
; ud[2]        ; 19    ; 1        ; 2            ; 0            ; 2           ; 1                     ; 0                  ; no     ; no              ; no             ; no              ; no         ; no       ; Off          ; 3.3-V LVTTL                ; 16mA             ; yes                    ; User                 ; 10 pF ; avalonst_byte_to_usbfifo:inst_ftif|ft_doe_reg ; -                   ;
; ud[3]        ; 10    ; 1        ; 1            ; 2            ; 3           ; 1                     ; 0                  ; no     ; no              ; no             ; no              ; no         ; no       ; Off          ; 3.3-V LVTTL                ; 16mA             ; no                     ; User                 ; 10 pF ; avalonst_byte_to_usbfifo:inst_ftif|ft_doe_reg ; -                   ;
; ud[4]        ; 20    ; 1        ; 2            ; 0            ; 1           ; 1                     ; 0                  ; no     ; no              ; no             ; no              ; no         ; no       ; Off          ; 3.3-V LVTTL                ; 16mA             ; yes                    ; User                 ; 10 pF ; avalonst_byte_to_usbfifo:inst_ftif|ft_doe_reg ; -                   ;
; ud[5]        ; 12    ; 1        ; 1            ; 1            ; 2           ; 1                     ; 0                  ; no     ; no              ; no             ; no              ; no         ; no       ; Off          ; 3.3-V LVTTL                ; 16mA             ; no                     ; User                 ; 10 pF ; avalonst_byte_to_usbfifo:inst_ftif|ft_doe_reg ; -                   ;
; ud[6]        ; 11    ; 1        ; 1            ; 1            ; 1           ; 1                     ; 0                  ; no     ; no              ; no             ; no              ; no         ; no       ; Off          ; 3.3-V LVTTL                ; 16mA             ; no                     ; User                 ; 10 pF ; avalonst_byte_to_usbfifo:inst_ftif|ft_doe_reg ; -                   ;
; ud[7]        ; 13    ; 1        ; 1            ; 1            ; 3           ; 1                     ; 0                  ; no     ; no              ; no             ; no              ; no         ; no       ; Off          ; 3.3-V LVTTL                ; 16mA             ; no                     ; User                 ; 10 pF ; avalonst_byte_to_usbfifo:inst_ftif|ft_doe_reg ; -                   ;
+--------------+-------+----------+--------------+--------------+-------------+-----------------------+--------------------+--------+-----------------+----------------+-----------------+------------+----------+--------------+----------------------------+------------------+------------------------+----------------------+-------+-----------------------------------------------+---------------------+


+------------------------------------------------------------+
; I/O Bank Usage                                             ;
+----------+------------------+---------------+--------------+
; I/O Bank ; Usage            ; VCCIO Voltage ; VREF Voltage ;
+----------+------------------+---------------+--------------+
; 1        ; 25 / 27 ( 93 % ) ; 3.3V          ; --           ;
; 2        ; 15 / 27 ( 56 % ) ; 3.3V          ; --           ;
+----------+------------------+---------------+--------------+


+-----------------------------------------------------------------------------------------------------------------------------------------------------------------------------+
; All Package Pins                                                                                                                                                            ;
+----------+------------+----------+---------------------------------+--------+----------------------------+---------+------------+-----------------+----------+--------------+
; Location ; Pad Number ; I/O Bank ; Pin Name/Usage                  ; Dir.   ; I/O Standard               ; Voltage ; I/O Type   ; User Assignment ; Bus Hold ; Weak Pull Up ;
+----------+------------+----------+---------------------------------+--------+----------------------------+---------+------------+-----------------+----------+--------------+
; 1        ; 2          ; 1        ; conn_tck_in                     ; input  ; 3.3V Schmitt Trigger Input ;         ; Row I/O    ; Y               ; no       ; Off          ;
; 2        ; 3          ; 1        ; conn_tdi_in                     ; input  ; 3.3-V LVTTL                ;         ; Row I/O    ; Y               ; no       ; Off          ;
; 3        ; 4          ; 1        ; si_wu_n                         ; output ; 3.3-V LVTTL                ;         ; Row I/O    ; Y               ; no       ; Off          ;
; 4        ; 5          ; 1        ; wr                              ; output ; 3.3-V LVTTL                ;         ; Row I/O    ; Y               ; no       ; Off          ;
; 5        ; 6          ; 1        ; rd_n                            ; output ; 3.3-V LVTTL                ;         ; Row I/O    ; Y               ; no       ; Off          ;
; 6        ;            ; 1        ; VCCIO1                          ; power  ;                            ; 3.3V    ; --         ;                 ; --       ; --           ;
; 7        ; 7          ; 1        ; clk24mhz                        ; input  ; 3.3-V LVTTL                ;         ; Row I/O    ; Y               ; no       ; Off          ;
; 8        ;            ;          ; VCCINT                          ; power  ;                            ; 1.8V    ; --         ;                 ; --       ; --           ;
; 9        ; 8          ; 1        ; cbus6                           ; input  ; 3.3-V LVTTL                ;         ; Row I/O    ; Y               ; no       ; Off          ;
; 10       ; 11         ; 1        ; ud[3]                           ; bidir  ; 3.3-V LVTTL                ;         ; Row I/O    ; Y               ; no       ; Off          ;
; 11       ; 13         ; 1        ; ud[6]                           ; bidir  ; 3.3-V LVTTL                ;         ; Row I/O    ; Y               ; no       ; Off          ;
; 12       ; 14         ; 1        ; ud[5]                           ; bidir  ; 3.3-V LVTTL                ;         ; Row I/O    ; Y               ; no       ; Off          ;
; 13       ; 15         ; 1        ; ud[7]                           ; bidir  ; 3.3-V LVTTL                ;         ; Row I/O    ; Y               ; no       ; Off          ;
; 14       ; 16         ; 1        ; #TMS                            ; input  ;                            ;         ; --         ;                 ; --       ; --           ;
; 15       ; 17         ; 1        ; #TDI                            ; input  ;                            ;         ; --         ;                 ; --       ; --           ;
; 16       ; 18         ; 1        ; #TCK                            ; input  ;                            ;         ; --         ;                 ; --       ; --           ;
; 17       ; 19         ; 1        ; #TDO                            ; output ;                            ;         ; --         ;                 ; --       ; --           ;
; 18       ; 20         ; 1        ; ud[1]                           ; bidir  ; 3.3-V LVTTL                ;         ; Column I/O ; Y               ; no       ; Off          ;
; 19       ; 21         ; 1        ; ud[2]                           ; bidir  ; 3.3-V LVTTL                ;         ; Column I/O ; Y               ; no       ; Off          ;
; 20       ; 22         ; 1        ; ud[4]                           ; bidir  ; 3.3-V LVTTL                ;         ; Column I/O ; Y               ; no       ; Off          ;
; 21       ; 23         ; 1        ; txe_n                           ; input  ; 3.3-V LVTTL                ;         ; Column I/O ; Y               ; no       ; On           ;
; 22       ; 24         ; 1        ; rxf_n                           ; input  ; 3.3-V LVTTL                ;         ; Column I/O ; Y               ; no       ; On           ;
; 23       ;            ; 1        ; VCCIO1                          ; power  ;                            ; 3.3V    ; --         ;                 ; --       ; --           ;
; 24       ; 25         ; 1        ; ud[0]                           ; bidir  ; 3.3-V LVTTL                ;         ; Column I/O ; Y               ; no       ; Off          ;
; 25       ; 26         ; 1        ; i2c_sda                         ; bidir  ; 3.3V Schmitt Trigger Input ;         ; Column I/O ; Y               ; no       ; Off          ;
; 26       ; 33         ; 1        ; i2c_scl                         ; bidir  ; 3.3V Schmitt Trigger Input ;         ; Column I/O ; Y               ; no       ; Off          ;
; 27       ; 34         ; 1        ; mreset_n_ext                    ; bidir  ; 3.3V Schmitt Trigger Input ;         ; Column I/O ; Y               ; no       ; Off          ;
; 28       ; 35         ; 1        ; RESERVED_INPUT_WITH_WEAK_PULLUP ;        ;                            ;         ; Column I/O ;                 ; no       ; On           ;
; 29       ; 36         ; 1        ; nstatus                         ; input  ; 3.3-V LVTTL                ;         ; Column I/O ; Y               ; no       ; Off          ;
; 30       ; 37         ; 1        ; nconfig                         ; output ; 3.3-V LVTTL                ;         ; Column I/O ; Y               ; no       ; Off          ;
; 31       ; 38         ; 1        ; confdone                        ; input  ; 3.3-V LVTTL                ;         ; Column I/O ; Y               ; no       ; Off          ;
; 32       ; 39         ; 1        ; msel1                           ; input  ; 3.3-V LVTTL                ;         ; Column I/O ; Y               ; no       ; Off          ;
; 33       ; 40         ; 1        ; RESERVED_INPUT_WITH_WEAK_PULLUP ;        ;                            ;         ; Column I/O ;                 ; no       ; On           ;
; 34       ; 42         ; 2        ; RESERVED_INPUT_WITH_WEAK_PULLUP ;        ;                            ;         ; Row I/O    ;                 ; no       ; On           ;
; 35       ; 43         ; 2        ; RESERVED_INPUT_WITH_WEAK_PULLUP ;        ;                            ;         ; Row I/O    ;                 ; no       ; On           ;
; 36       ; 44         ; 2        ; RESERVED_INPUT_WITH_WEAK_PULLUP ;        ;                            ;         ; Row I/O    ;                 ; no       ; On           ;
; 37       ; 45         ; 2        ; RESERVED_INPUT_WITH_WEAK_PULLUP ;        ;                            ;         ; Row I/O    ;                 ; no       ; On           ;
; 38       ; 47         ; 2        ; RESERVED_INPUT_WITH_WEAK_PULLUP ;        ;                            ;         ; Row I/O    ;                 ; no       ; On           ;
; 39       ;            ; 2        ; VCCIO2                          ; power  ;                            ; 3.3V    ; --         ;                 ; --       ; --           ;
; 40       ; 50         ; 2        ; RESERVED_INPUT_WITH_WEAK_PULLUP ;        ;                            ;         ; Row I/O    ;                 ; no       ; On           ;
; 41       ;            ;          ; VCCINT                          ; power  ;                            ; 1.8V    ; --         ;                 ; --       ; --           ;
; 42       ; 51         ; 2        ; RESERVED_INPUT_WITH_WEAK_PULLUP ;        ;                            ;         ; Row I/O    ;                 ; no       ; On           ;
; 43       ; 54         ; 2        ; RESERVED_INPUT_WITH_WEAK_PULLUP ;        ;                            ;         ; Row I/O    ;                 ; no       ; On           ;
; 44       ; 55         ; 2        ; RESERVED_INPUT_WITH_WEAK_PULLUP ;        ;                            ;         ; Row I/O    ;                 ; no       ; On           ;
; 45       ; 56         ; 2        ; RESERVED_INPUT_WITH_WEAK_PULLUP ;        ;                            ;         ; Row I/O    ;                 ; no       ; On           ;
; 46       ; 57         ; 2        ; RESERVED_INPUT_WITH_WEAK_PULLUP ;        ;                            ;         ; Row I/O    ;                 ; no       ; On           ;
; 47       ; 58         ; 2        ; sci_txd                         ; output ; 3.3-V LVTTL                ;         ; Row I/O    ; Y               ; no       ; Off          ;
; 48       ; 59         ; 2        ; sci_rxd                         ; input  ; 3.3-V LVTTL                ;         ; Row I/O    ; Y               ; no       ; On           ;
; 49       ; 67         ; 2        ; sci_sclk                        ; output ; 3.3-V LVTTL                ;         ; Column I/O ; Y               ; no       ; Off          ;
; 50       ; 68         ; 2        ; reset_n_out                     ; output ; 3.3-V LVTTL                ;         ; Column I/O ; Y               ; no       ; Off          ;
; 51       ; 69         ; 2        ; sci_txr_n                       ; input  ; 3.3-V LVTTL                ;         ; Column I/O ; Y               ; no       ; On           ;
; 52       ; 70         ; 2        ; sci_rxr_n                       ; output ; 3.3-V LVTTL                ;         ; Column I/O ; Y               ; no       ; Off          ;
; 53       ; 71         ; 2        ; tdo                             ; input  ; 3.3-V LVTTL                ;         ; Column I/O ; Y               ; no       ; Off          ;
; 54       ; 73         ; 2        ; tms                             ; output ; 3.3-V LVTTL                ;         ; Column I/O ; Y               ; no       ; Off          ;
; 55       ; 75         ; 2        ; tck                             ; output ; 3.3-V LVTTL                ;         ; Column I/O ; Y               ; no       ; Off          ;
; 56       ; 76         ; 2        ; tdi                             ; output ; 3.3-V LVTTL                ;         ; Column I/O ; Y               ; no       ; Off          ;
; 57       ;            ; 2        ; VCCIO2                          ; power  ;                            ; 3.3V    ; --         ;                 ; --       ; --           ;
; 58       ; 77         ; 2        ; dclk                            ; output ; 3.3-V LVTTL                ;         ; Column I/O ; Y               ; no       ; Off          ;
; 59       ; 78         ; 2        ; data0                           ; output ; 3.3-V LVTTL                ;         ; Column I/O ; Y               ; no       ; Off          ;
; 60       ; 79         ; 2        ; RESERVED_INPUT_WITH_WEAK_PULLUP ;        ;                            ;         ; Column I/O ;                 ; no       ; On           ;
; 61       ; 80         ; 2        ; led_n_out                       ; output ; 3.3-V LVTTL                ;         ; Column I/O ; Y               ; no       ; Off          ;
; 62       ; 81         ; 2        ; mreset_n_in                     ; input  ; 3.3V Schmitt Trigger Input ;         ; Column I/O ; Y               ; no       ; Off          ;
; 63       ; 82         ; 2        ; conn_tdo_out                    ; output ; 3.3-V LVTTL                ;         ; Column I/O ; Y               ; no       ; Off          ;
; 64       ; 1          ; 1        ; conn_tms_in                     ; input  ; 3.3-V LVTTL                ;         ; Row I/O    ; Y               ; no       ; Off          ;
+----------+------------+----------+---------------------------------+--------+----------------------------+---------+------------+-----------------+----------+--------------+
Note: Pin directions (input, output or bidir) are based on device operating in user mode.


+-------------------------------------------------------------+
; Output Pin Default Load For Reported TCO                    ;
+----------------------------+-------+------------------------+
; I/O Standard               ; Load  ; Termination Resistance ;
+----------------------------+-------+------------------------+
; 3.3-V LVTTL                ; 10 pF ; Not Available          ;
; 3.3-V LVCMOS               ; 10 pF ; Not Available          ;
; 2.5 V                      ; 10 pF ; Not Available          ;
; 1.8 V                      ; 10 pF ; Not Available          ;
; 1.5 V                      ; 10 pF ; Not Available          ;
; 3.3V Schmitt Trigger Input ; 10 pF ; Not Available          ;
; 2.5V Schmitt Trigger Input ; 10 pF ; Not Available          ;
; 1.2 V                      ; 10 pF ; Not Available          ;
; LVDS_E_3R                  ; 10 pF ; Not Available          ;
; RSDS_E_3R                  ; 10 pF ; Not Available          ;
+----------------------------+-------+------------------------+
Note: User assignments will override these defaults. The user specified values are listed in the Output Pins and Bidir Pins tables.


+--------------------------------------------------------------------------------------------------------------------------------------------------------------------------------------------------------------------------------------------------------------------------------------------------------------------------------------------------------------------------------+
; Fitter Resource Utilization by Entity                                                                                                                                                                                                                                                                                                                                          ;
+-------------------------------------------------------------------------------------+-------------+--------------+------------+------+--------------+--------------+-------------------+------------------+-----------------+------------+----------------------------------------------------------------------------------------------------------------------+--------------+
; Compilation Hierarchy Node                                                          ; Logic Cells ; LC Registers ; UFM Blocks ; Pins ; Virtual Pins ; LUT-Only LCs ; Register-Only LCs ; LUT/Register LCs ; Carry Chain LCs ; Packed LCs ; Full Hierarchy Name                                                                                                  ; Library Name ;
+-------------------------------------------------------------------------------------+-------------+--------------+------------+------+--------------+--------------+-------------------+------------------+-----------------+------------+----------------------------------------------------------------------------------------------------------------------+--------------+
; |psconfig_top                                                                       ; 157 (76)    ; 97           ; 1          ; 40   ; 0            ; 60 (30)      ; 6 (2)             ; 91 (44)          ; 34 (30)         ; 15 (13)    ; |psconfig_top                                                                                                        ; work         ;
;    |avalonst_byte_to_scif:inst_scif|                                                ; 52 (52)     ; 31           ; 0          ; 0    ; 0            ; 21 (21)      ; 0 (0)             ; 31 (31)          ; 4 (4)           ; 0 (0)      ; |psconfig_top|avalonst_byte_to_scif:inst_scif                                                                        ; work         ;
;    |avalonst_byte_to_usbfifo:inst_ftif|                                             ; 29 (29)     ; 20           ; 0          ; 0    ; 0            ; 9 (9)        ; 4 (4)             ; 16 (16)          ; 0 (0)           ; 2 (2)      ; |psconfig_top|avalonst_byte_to_usbfifo:inst_ftif                                                                     ; work         ;
;    |max2_internal_osc:osc_inst|                                                     ; 0 (0)       ; 0            ; 1          ; 0    ; 0            ; 0 (0)        ; 0 (0)             ; 0 (0)            ; 0 (0)           ; 0 (0)      ; |psconfig_top|max2_internal_osc:osc_inst                                                                             ; work         ;
;       |max2_internal_osc_altufm_osc_lv5:max2_internal_osc_altufm_osc_lv5_component| ; 0 (0)       ; 0            ; 1          ; 0    ; 0            ; 0 (0)        ; 0 (0)             ; 0 (0)            ; 0 (0)           ; 0 (0)      ; |psconfig_top|max2_internal_osc:osc_inst|max2_internal_osc_altufm_osc_lv5:max2_internal_osc_altufm_osc_lv5_component ; work         ;
+-------------------------------------------------------------------------------------+-------------+--------------+------------+------+--------------+--------------+-------------------+------------------+-----------------+------------+----------------------------------------------------------------------------------------------------------------------+--------------+
Note: For table entries with two numbers listed, the numbers in parentheses indicate the number of resources of the given type used by the specific entity alone. The numbers listed outside of parentheses indicate the total resources of the given type used by the specific entity and all of its sub-entities in the hierarchy.


+-----------------------------------------+
; Delay Chain Summary                     ;
+--------------+----------+---------------+
; Name         ; Pin Type ; Pad to Core 0 ;
+--------------+----------+---------------+
; rd_n         ; Output   ; --            ;
; wr           ; Output   ; --            ;
; si_wu_n      ; Output   ; --            ;
; dclk         ; Output   ; --            ;
; data0        ; Output   ; --            ;
; nconfig      ; Output   ; --            ;
; conn_tdo_out ; Output   ; --            ;
; tck          ; Output   ; --            ;
; tdi          ; Output   ; --            ;
; tms          ; Output   ; --            ;
; reset_n_out  ; Output   ; --            ;
; sci_sclk     ; Output   ; --            ;
; sci_txd      ; Output   ; --            ;
; sci_rxr_n    ; Output   ; --            ;
; led_n_out    ; Output   ; --            ;
; ud[0]        ; Bidir    ; (1)           ;
; ud[1]        ; Bidir    ; (1)           ;
; ud[2]        ; Bidir    ; (1)           ;
; ud[3]        ; Bidir    ; (1)           ;
; ud[4]        ; Bidir    ; (1)           ;
; ud[5]        ; Bidir    ; (1)           ;
; ud[6]        ; Bidir    ; (1)           ;
; ud[7]        ; Bidir    ; (1)           ;
; i2c_scl      ; Bidir    ; (1)           ;
; i2c_sda      ; Bidir    ; (1)           ;
; mreset_n_ext ; Bidir    ; (1)           ;
; conn_tck_in  ; Input    ; (0)           ;
; conn_tdi_in  ; Input    ; (1)           ;
; conn_tms_in  ; Input    ; (1)           ;
; confdone     ; Input    ; (1)           ;
; clk24mhz     ; Input    ; (0)           ;
; mreset_n_in  ; Input    ; (1)           ;
; msel1        ; Input    ; (1)           ;
; tdo          ; Input    ; (1)           ;
; sci_txr_n    ; Input    ; (1)           ;
; nstatus      ; Input    ; (1)           ;
; rxf_n        ; Input    ; (1)           ;
; txe_n        ; Input    ; (1)           ;
; sci_rxd      ; Input    ; (1)           ;
+--------------+----------+---------------+


+------------------------------------------------------------------------------------------------------------------------------------------------------------------------------------------------------------------------------+
; Control Signals                                                                                                                                                                                                              ;
+----------------------------------------------------------------------------------------------------------------------------------+--------------+---------+---------------+--------+----------------------+------------------+
; Name                                                                                                                             ; Location     ; Fan-Out ; Usage         ; Global ; Global Resource Used ; Global Line Name ;
+----------------------------------------------------------------------------------------------------------------------------------+--------------+---------+---------------+--------+----------------------+------------------+
; Equal0~1                                                                                                                         ; LC_X5_Y1_N8  ; 6       ; Clock enable  ; no     ; --                   ; --               ;
; avalonst_byte_to_scif:inst_scif|indata_reg[0]~1                                                                                  ; LC_X7_Y4_N5  ; 8       ; Clock enable  ; no     ; --                   ; --               ;
; avalonst_byte_to_scif:inst_scif|outdata_reg[0]~1                                                                                 ; LC_X6_Y3_N4  ; 10      ; Clock enable  ; no     ; --                   ; --               ;
; avalonst_byte_to_usbfifo:inst_ftif|ft_doe_reg                                                                                    ; LC_X4_Y2_N2  ; 9       ; Output enable ; no     ; --                   ; --               ;
; avalonst_byte_to_usbfifo:inst_ftif|outdata_reg[7]~0                                                                              ; LC_X3_Y2_N8  ; 8       ; Clock enable  ; no     ; --                   ; --               ;
; clk24mhz                                                                                                                         ; PIN_7        ; 90      ; Clock         ; yes    ; Global Clock         ; GCLK0            ;
; conn_tck_in                                                                                                                      ; PIN_1        ; 2       ; Clock         ; no     ; --                   ; --               ;
; intreset_n_reg                                                                                                                   ; LC_X5_Y1_N6  ; 70      ; Async. clear  ; yes    ; Global Clock         ; GCLK3            ;
; max2_internal_osc:osc_inst|max2_internal_osc_altufm_osc_lv5:max2_internal_osc_altufm_osc_lv5_component|wire_maxii_ufm_block1_osc ; UFM_X0_Y1_N4 ; 6       ; Clock         ; yes    ; Global Clock         ; GCLK2            ;
; process_2~0                                                                                                                      ; LC_X7_Y2_N4  ; 26      ; Sync. clear   ; no     ; --                   ; --               ;
; sendimm_reg~0                                                                                                                    ; LC_X7_Y3_N1  ; 7       ; Clock enable  ; no     ; --                   ; --               ;
; usermode_reg                                                                                                                     ; LC_X7_Y3_N2  ; 9       ; Output enable ; no     ; --                   ; --               ;
+----------------------------------------------------------------------------------------------------------------------------------+--------------+---------+---------------+--------+----------------------+------------------+


+-----------------------------------------------------------------------------------------------------------------------------------------------------------------------------------------------------+
; Global & Other Fast Signals                                                                                                                                                                         ;
+----------------------------------------------------------------------------------------------------------------------------------+--------------+---------+----------------------+------------------+
; Name                                                                                                                             ; Location     ; Fan-Out ; Global Resource Used ; Global Line Name ;
+----------------------------------------------------------------------------------------------------------------------------------+--------------+---------+----------------------+------------------+
; clk24mhz                                                                                                                         ; PIN_7        ; 90      ; Global Clock         ; GCLK0            ;
; intreset_n_reg                                                                                                                   ; LC_X5_Y1_N6  ; 70      ; Global Clock         ; GCLK3            ;
; max2_internal_osc:osc_inst|max2_internal_osc_altufm_osc_lv5:max2_internal_osc_altufm_osc_lv5_component|wire_maxii_ufm_block1_osc ; UFM_X0_Y1_N4 ; 6       ; Global Clock         ; GCLK2            ;
+----------------------------------------------------------------------------------------------------------------------------------+--------------+---------+----------------------+------------------+


+--------------------------------------------------------------------+
; Non-Global High Fan-Out Signals                                    ;
+----------------------------------------------------------+---------+
; Name                                                     ; Fan-Out ;
+----------------------------------------------------------+---------+
; process_2~0                                              ; 26      ;
; psstate.state_bit_2                                      ; 18      ;
; psstate.state_bit_0                                      ; 18      ;
; avalonst_byte_to_scif:inst_scif|sclk_reg                 ; 15      ;
; avalonst_byte_to_scif:inst_scif|outdata_reg[0]~1         ; 10      ;
; avalonst_byte_to_scif:inst_scif|Equal1~0                 ; 10      ;
; avalonst_byte_to_usbfifo:inst_ftif|ifstate.state_bit_1   ; 10      ;
; avalonst_byte_to_usbfifo:inst_ftif|ifstate.state_bit_2   ; 10      ;
; avalonst_byte_to_usbfifo:inst_ftif|ft_doe_reg            ; 9       ;
; avalonst_byte_to_usbfifo:inst_ftif|outvalid_reg          ; 9       ;
; usermode_reg                                             ; 9       ;
; avalonst_byte_to_scif:inst_scif|indata_reg[0]~1          ; 8       ;
; avalonst_byte_to_usbfifo:inst_ftif|outdata_reg[7]~0      ; 8       ;
; psstate.state_bit_1                                      ; 7       ;
; avalonst_byte_to_scif:inst_scif|txcounter[0]             ; 7       ;
; sendimm_reg~0                                            ; 7       ;
; Equal0~1                                                 ; 6       ;
; avalonst_byte_to_usbfifo:inst_ftif|ifstate.state_bit_0   ; 6       ;
; timeout_reg                                              ; 6       ;
; avalonst_byte_to_usbfifo:inst_ftif|ifstate.FT_WRWAIT2~0  ; 5       ;
; tocount_reg[17]~49                                       ; 5       ;
; tocount_reg[2]~35                                        ; 5       ;
; tocount_reg[7]~17                                        ; 5       ;
; tocount_reg[12]~5                                        ; 5       ;
; avalonst_byte_to_scif:inst_scif|in_ready~0               ; 5       ;
; avalonst_byte_to_scif:inst_scif|txcounter[1]             ; 5       ;
; avalonst_byte_to_scif:inst_scif|txcounter[3]             ; 5       ;
; avalonst_byte_to_scif:inst_scif|rxcounter[0]             ; 5       ;
; avalonst_byte_to_scif:inst_scif|rxcounter[3]             ; 5       ;
; avalonst_byte_to_usbfifo:inst_ftif|ifstate.IDLE~0        ; 5       ;
; avalonst_byte_to_usbfifo:inst_ftif|ifstate.state_bit_3   ; 5       ;
; avalonst_byte_to_scif:inst_scif|rxcounter[2]~1           ; 4       ;
; avalonst_byte_to_scif:inst_scif|indata_reg[0]~0          ; 4       ;
; psstate.state_bit_1~0                                    ; 4       ;
; avalonst_byte_to_scif:inst_scif|Equal4~0                 ; 4       ;
; avalonst_byte_to_scif:inst_scif|txcounter[2]             ; 4       ;
; avalonst_byte_to_usbfifo:inst_ftif|outdata_reg[1]        ; 4       ;
; avalonst_byte_to_scif:inst_scif|rxcounter[1]             ; 4       ;
; avalonst_byte_to_scif:inst_scif|rxcounter[2]             ; 4       ;
; jtagena_reg                                              ; 4       ;
; avalonst_byte_to_usbfifo:inst_ftif|outdata_reg[0]        ; 3       ;
; avalonst_byte_to_scif:inst_scif|txcounter[1]~1           ; 3       ;
; avalonst_byte_to_scif:inst_scif|rxd_reg                  ; 3       ;
; intreset_count[0]                                        ; 3       ;
; psstate.state_bit_0~2                                    ; 3       ;
; avalonst_byte_to_scif:inst_scif|Equal3~0                 ; 3       ;
; avalonst_byte_to_scif:inst_scif|process_0~0              ; 3       ;
; avalonst_byte_to_usbfifo:inst_ftif|outdata_reg[3]        ; 3       ;
; avalonst_byte_to_usbfifo:inst_ftif|outdata_reg[5]        ; 3       ;
; avalonst_byte_to_usbfifo:inst_ftif|outdata_reg[6]        ; 3       ;
; avalonst_byte_to_scif:inst_scif|Equal0~0                 ; 3       ;
; avalonst_byte_to_usbfifo:inst_ftif|ft_rxf_reg[1]         ; 3       ;
; avalonst_byte_to_usbfifo:inst_ftif|process_1~0           ; 3       ;
; tocount_reg[22]~1                                        ; 3       ;
; tocount_reg[22]                                          ; 3       ;
; avalonst_byte_to_scif:inst_scif|confmode_reg             ; 3       ;
; avalonst_byte_to_usbfifo:inst_ftif|ifstate.state_bit_0~4 ; 2       ;
; avalonst_byte_to_scif:inst_scif|outdata_reg[8]           ; 2       ;
; escape_reg                                               ; 2       ;
; psstate.state_bit_1~1                                    ; 2       ;
; avalonst_byte_to_usbfifo:inst_ftif|outdata_reg[2]        ; 2       ;
; escape_reg~0                                             ; 2       ;
; avalonst_byte_to_usbfifo:inst_ftif|outdata_reg[4]        ; 2       ;
; Equal1~1                                                 ; 2       ;
; avalonst_byte_to_usbfifo:inst_ftif|outdata_reg[7]        ; 2       ;
; intreset_count[3]                                        ; 2       ;
; intreset_count[2]                                        ; 2       ;
; intreset_count[1]                                        ; 2       ;
; intreset_count[4]                                        ; 2       ;
; bytedlop_reg                                             ; 2       ;
; tocount_reg[18]                                          ; 2       ;
; tocount_reg[17]                                          ; 2       ;
; tocount_reg[16]                                          ; 2       ;
; tocount_reg[15]                                          ; 2       ;
; tocount_reg[4]                                           ; 2       ;
; tocount_reg[3]                                           ; 2       ;
; tocount_reg[6]                                           ; 2       ;
; tocount_reg[5]                                           ; 2       ;
; tocount_reg[2]                                           ; 2       ;
; tocount_reg[1]                                           ; 2       ;
; tocount_reg[25]                                          ; 2       ;
; tocount_reg[24]                                          ; 2       ;
; tocount_reg[23]                                          ; 2       ;
; tocount_reg[21]                                          ; 2       ;
; tocount_reg[20]                                          ; 2       ;
; tocount_reg[19]                                          ; 2       ;
; tocount_reg[9]                                           ; 2       ;
; tocount_reg[7]                                           ; 2       ;
; tocount_reg[10]                                          ; 2       ;
; tocount_reg[8]                                           ; 2       ;
; tocount_reg[0]                                           ; 2       ;
; tocount_reg[13]                                          ; 2       ;
; tocount_reg[14]                                          ; 2       ;
; tocount_reg[12]                                          ; 2       ;
; tocount_reg[11]                                          ; 2       ;
; avalonst_byte_to_scif:inst_scif|confmode_reg~0           ; 2       ;
; avalonst_byte_to_scif:inst_scif|txready_reg              ; 2       ;
; tdo                                                      ; 2       ;
; msel1                                                    ; 2       ;
; mreset_n_in                                              ; 2       ;
; avalonst_byte_to_usbfifo:inst_ftif|Selector10~0          ; 2       ;
; psstate.SETRESP~0                                        ; 2       ;
; confdone                                                 ; 2       ;
; avalonst_byte_to_scif:inst_scif|rxready_reg              ; 2       ;
; avalonst_byte_to_scif:inst_scif|outdata_reg[0]           ; 2       ;
; sdaout_reg                                               ; 2       ;
; jtagtdi_reg                                              ; 2       ;
; sclout_reg                                               ; 2       ;
; conn_tck_in                                              ; 2       ;
; avalonst_byte_to_usbfifo:inst_ftif|ft_wr_reg             ; 2       ;
; avalonst_byte_to_usbfifo:inst_ftif|ft_rd_reg             ; 2       ;
; ~GND                                                     ; 1       ;
; psstate.state_bit_0~5                                    ; 1       ;
; avalonst_byte_to_usbfifo:inst_ftif|ft_txe_reg[1]         ; 1       ;
; psstate.THROW~0                                          ; 1       ;
; escape_reg~1                                             ; 1       ;
; avalonst_byte_to_scif:inst_scif|outdata_reg[7]           ; 1       ;
; avalonst_byte_to_scif:inst_scif|outdata_reg[6]           ; 1       ;
; avalonst_byte_to_scif:inst_scif|outdata_reg[5]           ; 1       ;
; avalonst_byte_to_scif:inst_scif|outdata_reg[4]           ; 1       ;
; avalonst_byte_to_scif:inst_scif|outdata_reg[3]           ; 1       ;
; sci_rxd                                                  ; 1       ;
; txe_n                                                    ; 1       ;
; Selector6~0                                              ; 1       ;
; rxf_n                                                    ; 1       ;
; i2c_sda~2                                                ; 1       ;
; i2c_scl~2                                                ; 1       ;
; avalonst_byte_to_scif:inst_scif|indata_reg[7]            ; 1       ;
; usb_txdata_sig[7]~7                                      ; 1       ;
; avalonst_byte_to_scif:inst_scif|indata_reg[6]            ; 1       ;
; usb_txdata_sig[6]~6                                      ; 1       ;
; avalonst_byte_to_scif:inst_scif|indata_reg[5]            ; 1       ;
; usb_txdata_sig[5]~5                                      ; 1       ;
; avalonst_byte_to_scif:inst_scif|indata_reg[4]            ; 1       ;
; usb_txdata_sig[4]~4                                      ; 1       ;
; avalonst_byte_to_scif:inst_scif|indata_reg[3]            ; 1       ;
; usb_txdata_sig[3]~3                                      ; 1       ;
; avalonst_byte_to_scif:inst_scif|indata_reg[2]            ; 1       ;
; usb_txdata_sig[2]~2                                      ; 1       ;
; avalonst_byte_to_scif:inst_scif|indata_reg[1]            ; 1       ;
; usb_txdata_sig[1]~1                                      ; 1       ;
; nstatus                                                  ; 1       ;
; usb_txdata_sig[0]~0                                      ; 1       ;
; avalonst_byte_to_scif:inst_scif|outdata_reg[2]           ; 1       ;
; sci_txr_n                                                ; 1       ;
; avalonst_byte_to_scif:inst_scif|Add0~1                   ; 1       ;
; avalonst_byte_to_scif:inst_scif|Add0~0                   ; 1       ;
; mreset_n_ext~2                                           ; 1       ;
; avalonst_byte_to_scif:inst_scif|Add1~17COUT1_27          ; 1       ;
; avalonst_byte_to_scif:inst_scif|Add1~17                  ; 1       ;
; avalonst_byte_to_scif:inst_scif|Add1~15                  ; 1       ;
; avalonst_byte_to_scif:inst_scif|Add1~12COUT1_29          ; 1       ;
; avalonst_byte_to_scif:inst_scif|Add1~12                  ; 1       ;
; avalonst_byte_to_scif:inst_scif|Add1~10                  ; 1       ;
; avalonst_byte_to_scif:inst_scif|rxcounter[0]~3           ; 1       ;
; avalonst_byte_to_scif:inst_scif|Add1~7COUT1_25           ; 1       ;
; avalonst_byte_to_scif:inst_scif|Add1~7                   ; 1       ;
; avalonst_byte_to_scif:inst_scif|Add1~5                   ; 1       ;
; avalonst_byte_to_scif:inst_scif|rxcounter[2]~0           ; 1       ;
; avalonst_byte_to_scif:inst_scif|Add1~0                   ; 1       ;
; psstate.state_bit_0~3                                    ; 1       ;
; Equal1~0                                                 ; 1       ;
; avalonst_byte_to_usbfifo:inst_ftif|ft_txe_reg[0]         ; 1       ;
; intreset_count[3]~7COUT1_18                              ; 1       ;
; intreset_count[3]~7                                      ; 1       ;
; intreset_count[2]~5COUT1_16                              ; 1       ;
; intreset_count[2]~5                                      ; 1       ;
; Equal0~0                                                 ; 1       ;
; intreset_count[1]~3COUT1_14                              ; 1       ;
; intreset_count[1]~3                                      ; 1       ;
; avalonst_byte_to_usbfifo:inst_ftif|ifstate.state_bit_3~0 ; 1       ;
; avalonst_byte_to_usbfifo:inst_ftif|ifstate.state_bit_1~0 ; 1       ;
; avalonst_byte_to_usbfifo:inst_ftif|ifstate.state_bit_0~2 ; 1       ;
; avalonst_byte_to_usbfifo:inst_ftif|outvalid_reg~0        ; 1       ;
; avalonst_byte_to_usbfifo:inst_ftif|ft_rxf_reg[0]         ; 1       ;
; timeout_reg~7                                            ; 1       ;
; timeout_reg~6                                            ; 1       ;
; timeout_reg~5                                            ; 1       ;
; tocount_reg[18]~51COUT1_102                              ; 1       ;
; tocount_reg[18]~51                                       ; 1       ;
; tocount_reg[16]~47COUT1_100                              ; 1       ;
; tocount_reg[16]~47                                       ; 1       ;
; tocount_reg[15]~45COUT1_98                               ; 1       ;
; tocount_reg[15]~45                                       ; 1       ;
; timeout_reg~4                                            ; 1       ;
; tocount_reg[4]~43COUT1_80                                ; 1       ;
; tocount_reg[4]~43                                        ; 1       ;
; tocount_reg[3]~41COUT1_78                                ; 1       ;
; tocount_reg[3]~41                                        ; 1       ;
; tocount_reg[6]~39COUT1_84                                ; 1       ;
; tocount_reg[6]~39                                        ; 1       ;
; tocount_reg[5]~37COUT1_82                                ; 1       ;
; tocount_reg[5]~37                                        ; 1       ;
; tocount_reg[1]~33COUT1_76                                ; 1       ;
; tocount_reg[1]~33                                        ; 1       ;
; timeout_reg~3                                            ; 1       ;
; tocount_reg[24]~29COUT1_112                              ; 1       ;
; tocount_reg[24]~29                                       ; 1       ;
; tocount_reg[23]~27COUT1_110                              ; 1       ;
; tocount_reg[23]~27                                       ; 1       ;
; timeout_reg~2                                            ; 1       ;
; tocount_reg[21]~25COUT1_108                              ; 1       ;
; tocount_reg[21]~25                                       ; 1       ;
; tocount_reg[20]~23COUT1_106                              ; 1       ;
; tocount_reg[20]~23                                       ; 1       ;
; tocount_reg[19]~21COUT1_104                              ; 1       ;
; tocount_reg[19]~21                                       ; 1       ;
; timeout_reg~1                                            ; 1       ;
; tocount_reg[9]~19COUT1_88                                ; 1       ;
; tocount_reg[9]~19                                        ; 1       ;
; tocount_reg[10]~15COUT1_90                               ; 1       ;
; tocount_reg[10]~15                                       ; 1       ;
; tocount_reg[8]~13COUT1_86                                ; 1       ;
; tocount_reg[8]~13                                        ; 1       ;
; tocount_reg[0]~11COUT1_74                                ; 1       ;
; tocount_reg[0]~11                                        ; 1       ;
; timeout_reg~0                                            ; 1       ;
; tocount_reg[13]~9COUT1_94                                ; 1       ;
; tocount_reg[13]~9                                        ; 1       ;
; tocount_reg[14]~7COUT1_96                                ; 1       ;
; tocount_reg[14]~7                                        ; 1       ;
; tocount_reg[11]~3COUT1_92                                ; 1       ;
; tocount_reg[11]~3                                        ; 1       ;
; avalonst_byte_to_scif:inst_scif|outdata_reg[1]           ; 1       ;
; nconfig~1                                                ; 1       ;
; nconfig_reg                                              ; 1       ;
; avalonst_byte_to_scif:inst_scif|dclk_reg                 ; 1       ;
; avalonst_byte_to_usbfifo:inst_ftif|Selector9~0           ; 1       ;
; led_n_out~0                                              ; 1       ;
; sci_rxr_n~0                                              ; 1       ;
; avalonst_byte_to_scif:inst_scif|sci_txd~0                ; 1       ;
; reset_n_out~0                                            ; 1       ;
; tms~0                                                    ; 1       ;
; conn_tms_in                                              ; 1       ;
; tdi~0                                                    ; 1       ;
; conn_tdi_in                                              ; 1       ;
; tck~0                                                    ; 1       ;
; tdoout_reg                                               ; 1       ;
; sendimm_reg                                              ; 1       ;
; mreset_n_ext~0                                           ; 1       ;
; i2c_sda~0                                                ; 1       ;
; i2c_scl~0                                                ; 1       ;
; ud[7]~7                                                  ; 1       ;
; ud[6]~6                                                  ; 1       ;
; ud[5]~5                                                  ; 1       ;
; ud[4]~4                                                  ; 1       ;
; ud[3]~3                                                  ; 1       ;
; ud[2]~2                                                  ; 1       ;
; ud[1]~1                                                  ; 1       ;
; ud[0]~0                                                  ; 1       ;
+----------------------------------------------------------+---------+


+--------------------------------------------+
; Routing Usage Summary                      ;
+-----------------------+--------------------+
; Routing Resource Type ; Usage              ;
+-----------------------+--------------------+
; C4s                   ; 119 / 784 ( 15 % ) ;
; Direct links          ; 15 / 888 ( 2 % )   ;
; Global clocks         ; 3 / 4 ( 75 % )     ;
; LAB clocks            ; 13 / 32 ( 41 % )   ;
; LUT chains            ; 0 / 216 ( 0 % )    ;
; Local interconnects   ; 180 / 888 ( 20 % ) ;
; R4s                   ; 123 / 704 ( 17 % ) ;
+-----------------------+--------------------+


+---------------------------------------------------------------------------+
; LAB Logic Elements                                                        ;
+--------------------------------------------+------------------------------+
; Number of Logic Elements  (Average = 9.81) ; Number of LABs  (Total = 16) ;
+--------------------------------------------+------------------------------+
; 1                                          ; 0                            ;
; 2                                          ; 0                            ;
; 3                                          ; 0                            ;
; 4                                          ; 0                            ;
; 5                                          ; 0                            ;
; 6                                          ; 0                            ;
; 7                                          ; 0                            ;
; 8                                          ; 1                            ;
; 9                                          ; 1                            ;
; 10                                         ; 14                           ;
+--------------------------------------------+------------------------------+


+-------------------------------------------------------------------+
; LAB-wide Signals                                                  ;
+------------------------------------+------------------------------+
; LAB-wide Signals  (Average = 2.31) ; Number of LABs  (Total = 16) ;
+------------------------------------+------------------------------+
; 1 Async. clear                     ; 13                           ;
; 1 Clock                            ; 15                           ;
; 1 Clock enable                     ; 4                            ;
; 1 Sync. clear                      ; 3                            ;
; 2 Clock enables                    ; 1                            ;
; 2 Clocks                           ; 1                            ;
+------------------------------------+------------------------------+


+-----------------------------------------------------------------------------+
; LAB Signals Sourced                                                         ;
+----------------------------------------------+------------------------------+
; Number of Signals Sourced  (Average = 10.69) ; Number of LABs  (Total = 16) ;
+----------------------------------------------+------------------------------+
; 0                                            ; 0                            ;
; 1                                            ; 0                            ;
; 2                                            ; 0                            ;
; 3                                            ; 0                            ;
; 4                                            ; 0                            ;
; 5                                            ; 0                            ;
; 6                                            ; 0                            ;
; 7                                            ; 0                            ;
; 8                                            ; 0                            ;
; 9                                            ; 1                            ;
; 10                                           ; 11                           ;
; 11                                           ; 1                            ;
; 12                                           ; 0                            ;
; 13                                           ; 1                            ;
; 14                                           ; 2                            ;
+----------------------------------------------+------------------------------+


+--------------------------------------------------------------------------------+
; LAB Signals Sourced Out                                                        ;
+-------------------------------------------------+------------------------------+
; Number of Signals Sourced Out  (Average = 6.19) ; Number of LABs  (Total = 16) ;
+-------------------------------------------------+------------------------------+
; 0                                               ; 0                            ;
; 1                                               ; 0                            ;
; 2                                               ; 0                            ;
; 3                                               ; 3                            ;
; 4                                               ; 2                            ;
; 5                                               ; 0                            ;
; 6                                               ; 3                            ;
; 7                                               ; 4                            ;
; 8                                               ; 1                            ;
; 9                                               ; 2                            ;
; 10                                              ; 1                            ;
+-------------------------------------------------+------------------------------+


+-----------------------------------------------------------------------------+
; LAB Distinct Inputs                                                         ;
+----------------------------------------------+------------------------------+
; Number of Distinct Inputs  (Average = 10.06) ; Number of LABs  (Total = 16) ;
+----------------------------------------------+------------------------------+
; 0                                            ; 0                            ;
; 1                                            ; 0                            ;
; 2                                            ; 0                            ;
; 3                                            ; 0                            ;
; 4                                            ; 3                            ;
; 5                                            ; 3                            ;
; 6                                            ; 0                            ;
; 7                                            ; 1                            ;
; 8                                            ; 1                            ;
; 9                                            ; 0                            ;
; 10                                           ; 0                            ;
; 11                                           ; 0                            ;
; 12                                           ; 2                            ;
; 13                                           ; 2                            ;
; 14                                           ; 2                            ;
; 15                                           ; 0                            ;
; 16                                           ; 0                            ;
; 17                                           ; 0                            ;
; 18                                           ; 1                            ;
; 19                                           ; 0                            ;
; 20                                           ; 0                            ;
; 21                                           ; 0                            ;
; 22                                           ; 0                            ;
; 23                                           ; 1                            ;
+----------------------------------------------+------------------------------+


+--------------------------------------------------------------------------------------+
; Fitter Device Options                                                                ;
+----------------------------------------------+---------------------------------------+
; Option                                       ; Setting                               ;
+----------------------------------------------+---------------------------------------+
; Enable user-supplied start-up clock (CLKUSR) ; Off                                   ;
; Enable device-wide reset (DEV_CLRn)          ; Off                                   ;
; Enable device-wide output enable (DEV_OE)    ; Off                                   ;
; Enable INIT_DONE output                      ; Off                                   ;
; Configuration scheme                         ; Passive Serial                        ;
; Reserve all unused pins                      ; As input tri-stated with weak pull-up ;
+----------------------------------------------+---------------------------------------+


+-----------------+
; Fitter Messages ;
+-----------------+
Info (11104): Parallel Compilation has detected 8 hyper-threaded processors. However, the extra hyper-threaded processors will not be used by default. Parallel Compilation will use 4 of the 4 physical processors detected instead.
Info (119006): Selected device 5M160ZE64C5 for design "psconfig_top"
Info (21077): Low junction temperature is 0 degrees C
Info (21077): High junction temperature is 85 degrees C
Info (171003): Fitter is performing an Auto Fit compilation, which may decrease Fitter effort to reduce compilation time
Warning (292013): Feature LogicLock is only available with a valid subscription license. You can purchase a software subscription to gain full access to this feature.
Info (176444): Device migration not selected. If you intend to use device migration later, you may need to change the pin assignments as they may be incompatible with other devices
    Info (176445): Device 5M80ZE64C5 is compatible
    Info (176445): Device 5M80ZE64I5 is compatible
    Info (176445): Device 5M160ZE64I5 is compatible
    Info (176445): Device 5M40ZE64C5 is compatible
    Info (176445): Device 5M40ZE64I5 is compatible
Info (332104): Reading SDC File: 'psconfig.sdc'
Warning (114001): Time value "41.6667 ns" truncated to "41.666 ns"
Warning (114001): Time value "41.6667 ns" truncated to "41.666 ns"
Warning (332056): PLL cross checking found inconsistent PLL clock settings:
    Warning (332056): Node: osc_inst|max2_internal_osc_altufm_osc_lv5_component|maxii_ufm_block1|osc was found missing 1 generated clock that corresponds to a base clock with a period of: 181.818
Info (332129): Detected timing requirements -- optimizing circuit to achieve only the specified requirements
Info (332111): Found 2 clocks
    Info (332111):   Period   Clock Name
    Info (332111): ======== ============
    Info (332111):   41.666     clk24mhz
    Info (332111):   40.000  conn_tck_in
Info (186079): Completed User Assigned Global Signals Promotion Operation
Info (186215): Automatically promoted signal "clk24mhz" to use Global clock in PIN 7
Info (186215): Automatically promoted signal "max2_internal_osc:osc_inst|max2_internal_osc_altufm_osc_lv5:max2_internal_osc_altufm_osc_lv5_component|wire_maxii_ufm_block1_osc" to use Global clock
Info (186216): Automatically promoted some destinations of signal "intreset_n_reg" to use Global clock
    Info (186217): Destination "jtagtdi_reg" may be non-global or may not use global clock
    Info (186217): Destination "intreset_n_reg" may be non-global or may not use global clock
    Info (186217): Destination "avalonst_byte_to_scif:inst_scif|rxd_reg" may be non-global or may not use global clock
    Info (186217): Destination "avalonst_byte_to_usbfifo:inst_ftif|outdata_reg[7]~0" may be non-global or may not use global clock
    Info (186217): Destination "mreset_n_ext~2" may be non-global or may not use global clock
    Info (186217): Destination "avalonst_byte_to_scif:inst_scif|indata_reg[0]~1" may be non-global or may not use global clock
Info (186079): Completed Auto Global Promotion Operation
Info (176234): Starting register packing
Info (186468): Started processing fast register assignments
Info (186469): Finished processing fast register assignments
Info (176235): Finished register packing
Info (171121): Fitter preparation operations ending: elapsed time is 00:00:00
Info (14896): Fitter has disabled Advanced Physical Optimization because it is not supported for the current family.
Info (170189): Fitter placement preparation operations beginning
Info (170190): Fitter placement preparation operations ending: elapsed time is 00:00:00
Info (170191): Fitter placement operations beginning
Info (170137): Fitter placement was successful
Info (170192): Fitter placement operations ending: elapsed time is 00:00:00
Info (170193): Fitter routing operations beginning
Info (170195): Router estimated average interconnect usage is 19% of the available device resources
    Info (170196): Router estimated peak interconnect usage is 19% of the available device resources in the region that extends from location X0_Y0 to location X8_Y5
Info (170194): Fitter routing operations ending: elapsed time is 00:00:00
Info (170199): The Fitter performed an Auto Fit compilation.  Optimizations were skipped to reduce compilation time.
    Info (170201): Optimizations that may affect the design's routability were skipped
    Info (170200): Optimizations that may affect the design's timing were skipped
Info (11888): Total time spent on timing analysis during the Fitter is 0.06 seconds.
Info (11218): Fitter post-fit operations ending: elapsed time is 00:00:00
Info (144001): Generated suppressed messages file C:/PROJECT/Physicaloid/c85_peridot/cpld/psconfig/qsf_v11/output_files/psconfig_top.fit.smsg
Info: Quartus II 64-Bit Fitter was successful. 0 errors, 5 warnings
    Info: Peak virtual memory: 1067 megabytes
    Info: Processing ended: Sun Aug 03 03:53:27 2014
    Info: Elapsed time: 00:00:01
    Info: Total CPU time (on all processors): 00:00:02


+----------------------------+
; Fitter Suppressed Messages ;
+----------------------------+
The suppressed messages can be found in C:/PROJECT/Physicaloid/c85_peridot/cpld/psconfig/qsf_v11/output_files/psconfig_top.fit.smsg.


