G71*G90*G75*D02*
%ASAXBY*OFA0B0*MOMM*FSLAX43Y43*IPPOS*%
%ADD13C,0.200*%
G54D13*
G01X147320Y171450D02*
X146050Y172720D01*
X147320Y171450D02*
Y160432D01*
G03X147654Y159686I1000J0D01*
G01X149860Y157480D02*
X147654Y159686D01*
X149860Y124460D02*
X147653Y122253D01*
G03X147320Y121462I666J-746D01*
G01X149860Y124460D02*
Y157480D01*
X146050Y172720D02*
X82280D01*
G03X81280Y171720I0J-1000D01*
G01Y120380D01*
G03X82280Y119380I1000J0D01*
G01X146320D01*
X147320Y121462D02*
Y120380D01*
G02X146320Y119380I-1000J0D01*
D02*
G01X0Y0*
M00*
