Flow report for cq_viola_top
Wed May 14 01:01:39 2014
Quartus II 64-Bit Version 13.1.0 Build 162 10/23/2013 SJ Web Edition


---------------------
; Table of Contents ;
---------------------
  1. Legal Notice
  2. Flow Summary
  3. Flow Settings
  4. Flow Non-Default Global Settings
  5. Flow Elapsed Time
  6. Flow OS Summary
  7. Flow Log
  8. Flow Messages
  9. Flow Suppressed Messages



----------------
; Legal Notice ;
----------------
Copyright (C) 1991-2013 Altera Corporation
Your use of Altera Corporation's design tools, logic functions 
and other software and tools, and its AMPP partner logic 
functions, and any output files from any of the foregoing 
(including device programming or simulation files), and any 
associated documentation or information are expressly subject 
to the terms and conditions of the Altera Program License 
Subscription Agreement, Altera MegaCore Function License 
Agreement, or other applicable license agreement, including, 
without limitation, that your use is for the sole purpose of 
programming logic devices manufactured by Altera and sold by 
Altera or its authorized distributors.  Please refer to the 
applicable agreement for further details.



+---------------------------------------------------------------------------------+
; Flow Summary                                                                    ;
+------------------------------------+--------------------------------------------+
; Flow Status                        ; Successful - Wed May 14 01:01:39 2014      ;
; Quartus II 64-Bit Version          ; 13.1.0 Build 162 10/23/2013 SJ Web Edition ;
; Revision Name                      ; cq_viola_top                               ;
; Top-level Entity Name              ; cq_viola_top                               ;
; Family                             ; Cyclone IV E                               ;
; Device                             ; EP4CE6E22C8                                ;
; Timing Models                      ; Final                                      ;
; Total logic elements               ; 6,225 / 6,272 ( 99 % )                     ;
;     Total combinational functions  ; 5,721 / 6,272 ( 91 % )                     ;
;     Dedicated logic registers      ; 4,289 / 6,272 ( 68 % )                     ;
; Total registers                    ; 4357                                       ;
; Total pins                         ; 60 / 92 ( 65 % )                           ;
; Total virtual pins                 ; 0                                          ;
; Total memory bits                  ; 156,416 / 276,480 ( 57 % )                 ;
; Embedded Multiplier 9-bit elements ; 18 / 30 ( 60 % )                           ;
; Total PLLs                         ; 1 / 2 ( 50 % )                             ;
+------------------------------------+--------------------------------------------+


+-----------------------------------------+
; Flow Settings                           ;
+-------------------+---------------------+
; Option            ; Setting             ;
+-------------------+---------------------+
; Start date & time ; 05/14/2014 00:58:13 ;
; Main task         ; Compilation         ;
; Revision Name     ; cq_viola_top        ;
+-------------------+---------------------+


+--------------------------------------------------------------------------------------------------------------------------------------------------------------------------------------------------------+
; Flow Non-Default Global Settings                                                                                                                                                                       ;
+----------------------------------------------+------------------------------------------------------------+---------------+-----------------------------------------------------------+----------------+
; Assignment Name                              ; Value                                                      ; Default Value ; Entity Name                                               ; Section Id     ;
+----------------------------------------------+------------------------------------------------------------+---------------+-----------------------------------------------------------+----------------+
; AUTO_PACKED_REGISTERS_STRATIXII              ; Normal                                                     ; Auto          ; --                                                        ; --             ;
; COMPILER_SIGNATURE_ID                        ; 202818018146334.139999669301260                            ; --            ; --                                                        ; --             ;
; EDA_OUTPUT_DATA_FORMAT                       ; Vhdl                                                       ; --            ; --                                                        ; eda_simulation ;
; EDA_SIMULATION_TOOL                          ; ModelSim-Altera (VHDL)                                     ; <None>        ; --                                                        ; --             ;
; ENABLE_DRC_SETTINGS                          ; On                                                         ; Off           ; --                                                        ; --             ;
; FITTER_EFFORT                                ; Standard Fit                                               ; Auto Fit      ; --                                                        ; --             ;
; IP_TOOL_ENV                                  ; Qsys                                                       ; --            ; altera_avalon_mm_bridge                                   ; --             ;
; IP_TOOL_ENV                                  ; Qsys                                                       ; --            ; altera_avalon_sc_fifo                                     ; --             ;
; IP_TOOL_ENV                                  ; Qsys                                                       ; --            ; altera_avalon_st_handshake_clock_crosser                  ; --             ;
; IP_TOOL_ENV                                  ; Qsys                                                       ; --            ; altera_customins_master_translator                        ; --             ;
; IP_TOOL_ENV                                  ; Qsys                                                       ; --            ; altera_customins_slave_translator                         ; --             ;
; IP_TOOL_ENV                                  ; Qsys                                                       ; --            ; altera_irq_clock_crosser                                  ; --             ;
; IP_TOOL_ENV                                  ; Qsys                                                       ; --            ; altera_merlin_burst_adapter                               ; --             ;
; IP_TOOL_ENV                                  ; Qsys                                                       ; --            ; altera_merlin_master_agent                                ; --             ;
; IP_TOOL_ENV                                  ; Qsys                                                       ; --            ; altera_merlin_master_translator                           ; --             ;
; IP_TOOL_ENV                                  ; Qsys                                                       ; --            ; altera_merlin_slave_agent                                 ; --             ;
; IP_TOOL_ENV                                  ; Qsys                                                       ; --            ; altera_merlin_slave_translator                            ; --             ;
; IP_TOOL_ENV                                  ; Qsys                                                       ; --            ; altera_merlin_traffic_limiter                             ; --             ;
; IP_TOOL_ENV                                  ; Qsys                                                       ; --            ; altera_merlin_width_adapter                               ; --             ;
; IP_TOOL_ENV                                  ; Qsys                                                       ; --            ; altera_reset_controller                                   ; --             ;
; IP_TOOL_ENV                                  ; Qsys                                                       ; --            ; cq_viola                                                  ; --             ;
; IP_TOOL_ENV                                  ; Qsys                                                       ; --            ; cq_viola_ipl_memory                                       ; --             ;
; IP_TOOL_ENV                                  ; Qsys                                                       ; --            ; cq_viola_irq_mapper                                       ; --             ;
; IP_TOOL_ENV                                  ; Qsys                                                       ; --            ; cq_viola_jtag_uart                                        ; --             ;
; IP_TOOL_ENV                                  ; Qsys                                                       ; --            ; cq_viola_led                                              ; --             ;
; IP_TOOL_ENV                                  ; Qsys                                                       ; --            ; cq_viola_mm_interconnect_0                                ; --             ;
; IP_TOOL_ENV                                  ; Qsys                                                       ; --            ; cq_viola_mm_interconnect_0_addr_router                    ; --             ;
; IP_TOOL_ENV                                  ; Qsys                                                       ; --            ; cq_viola_mm_interconnect_0_addr_router_001                ; --             ;
; IP_TOOL_ENV                                  ; Qsys                                                       ; --            ; cq_viola_mm_interconnect_0_addr_router_002                ; --             ;
; IP_TOOL_ENV                                  ; Qsys                                                       ; --            ; cq_viola_mm_interconnect_0_cmd_xbar_demux                 ; --             ;
; IP_TOOL_ENV                                  ; Qsys                                                       ; --            ; cq_viola_mm_interconnect_0_cmd_xbar_demux_001             ; --             ;
; IP_TOOL_ENV                                  ; Qsys                                                       ; --            ; cq_viola_mm_interconnect_0_cmd_xbar_demux_002             ; --             ;
; IP_TOOL_ENV                                  ; Qsys                                                       ; --            ; cq_viola_mm_interconnect_0_cmd_xbar_mux                   ; --             ;
; IP_TOOL_ENV                                  ; Qsys                                                       ; --            ; cq_viola_mm_interconnect_0_cmd_xbar_mux_001               ; --             ;
; IP_TOOL_ENV                                  ; Qsys                                                       ; --            ; cq_viola_mm_interconnect_0_cmd_xbar_mux_003               ; --             ;
; IP_TOOL_ENV                                  ; Qsys                                                       ; --            ; cq_viola_mm_interconnect_0_id_router                      ; --             ;
; IP_TOOL_ENV                                  ; Qsys                                                       ; --            ; cq_viola_mm_interconnect_0_id_router_001                  ; --             ;
; IP_TOOL_ENV                                  ; Qsys                                                       ; --            ; cq_viola_mm_interconnect_0_id_router_003                  ; --             ;
; IP_TOOL_ENV                                  ; Qsys                                                       ; --            ; cq_viola_mm_interconnect_0_rsp_xbar_demux                 ; --             ;
; IP_TOOL_ENV                                  ; Qsys                                                       ; --            ; cq_viola_mm_interconnect_0_rsp_xbar_demux_001             ; --             ;
; IP_TOOL_ENV                                  ; Qsys                                                       ; --            ; cq_viola_mm_interconnect_0_rsp_xbar_demux_003             ; --             ;
; IP_TOOL_ENV                                  ; Qsys                                                       ; --            ; cq_viola_mm_interconnect_0_rsp_xbar_mux                   ; --             ;
; IP_TOOL_ENV                                  ; Qsys                                                       ; --            ; cq_viola_mm_interconnect_0_rsp_xbar_mux_001               ; --             ;
; IP_TOOL_ENV                                  ; Qsys                                                       ; --            ; cq_viola_mm_interconnect_0_rsp_xbar_mux_002               ; --             ;
; IP_TOOL_ENV                                  ; Qsys                                                       ; --            ; cq_viola_mm_interconnect_1                                ; --             ;
; IP_TOOL_ENV                                  ; Qsys                                                       ; --            ; cq_viola_mm_interconnect_1_addr_router                    ; --             ;
; IP_TOOL_ENV                                  ; Qsys                                                       ; --            ; cq_viola_mm_interconnect_1_cmd_xbar_demux                 ; --             ;
; IP_TOOL_ENV                                  ; Qsys                                                       ; --            ; cq_viola_mm_interconnect_1_cmd_xbar_mux                   ; --             ;
; IP_TOOL_ENV                                  ; Qsys                                                       ; --            ; cq_viola_mm_interconnect_1_cmd_xbar_mux_005               ; --             ;
; IP_TOOL_ENV                                  ; Qsys                                                       ; --            ; cq_viola_mm_interconnect_1_id_router                      ; --             ;
; IP_TOOL_ENV                                  ; Qsys                                                       ; --            ; cq_viola_mm_interconnect_1_id_router_005                  ; --             ;
; IP_TOOL_ENV                                  ; Qsys                                                       ; --            ; cq_viola_mm_interconnect_1_rsp_xbar_demux                 ; --             ;
; IP_TOOL_ENV                                  ; Qsys                                                       ; --            ; cq_viola_mm_interconnect_1_rsp_xbar_demux_005             ; --             ;
; IP_TOOL_ENV                                  ; Qsys                                                       ; --            ; cq_viola_mm_interconnect_1_rsp_xbar_mux                   ; --             ;
; IP_TOOL_ENV                                  ; Qsys                                                       ; --            ; cq_viola_nios2_s                                          ; --             ;
; IP_TOOL_ENV                                  ; Qsys                                                       ; --            ; cq_viola_nios2_s_custom_instruction_master_multi_xconnect ; --             ;
; IP_TOOL_ENV                                  ; Qsys                                                       ; --            ; cq_viola_sdram                                            ; --             ;
; IP_TOOL_ENV                                  ; Qsys                                                       ; --            ; cq_viola_sysid                                            ; --             ;
; IP_TOOL_ENV                                  ; Qsys                                                       ; --            ; cq_viola_systimer                                         ; --             ;
; IP_TOOL_ENV                                  ; Qsys                                                       ; --            ; cq_viola_touchpanel                                       ; --             ;
; IP_TOOL_NAME                                 ; ALTPLL                                                     ; --            ; --                                                        ; --             ;
; IP_TOOL_NAME                                 ; altera_avalon_mm_bridge                                    ; --            ; altera_avalon_mm_bridge                                   ; --             ;
; IP_TOOL_NAME                                 ; altera_avalon_sc_fifo                                      ; --            ; altera_avalon_sc_fifo                                     ; --             ;
; IP_TOOL_NAME                                 ; altera_avalon_st_handshake_clock_crosser                   ; --            ; altera_avalon_st_handshake_clock_crosser                  ; --             ;
; IP_TOOL_NAME                                 ; altera_customins_master_translator                         ; --            ; altera_customins_master_translator                        ; --             ;
; IP_TOOL_NAME                                 ; altera_customins_slave_translator                          ; --            ; altera_customins_slave_translator                         ; --             ;
; IP_TOOL_NAME                                 ; altera_irq_clock_crosser                                   ; --            ; altera_irq_clock_crosser                                  ; --             ;
; IP_TOOL_NAME                                 ; altera_merlin_burst_adapter                                ; --            ; altera_merlin_burst_adapter                               ; --             ;
; IP_TOOL_NAME                                 ; altera_merlin_master_agent                                 ; --            ; altera_merlin_master_agent                                ; --             ;
; IP_TOOL_NAME                                 ; altera_merlin_master_translator                            ; --            ; altera_merlin_master_translator                           ; --             ;
; IP_TOOL_NAME                                 ; altera_merlin_slave_agent                                  ; --            ; altera_merlin_slave_agent                                 ; --             ;
; IP_TOOL_NAME                                 ; altera_merlin_slave_translator                             ; --            ; altera_merlin_slave_translator                            ; --             ;
; IP_TOOL_NAME                                 ; altera_merlin_traffic_limiter                              ; --            ; altera_merlin_traffic_limiter                             ; --             ;
; IP_TOOL_NAME                                 ; altera_merlin_width_adapter                                ; --            ; altera_merlin_width_adapter                               ; --             ;
; IP_TOOL_NAME                                 ; altera_reset_controller                                    ; --            ; altera_reset_controller                                   ; --             ;
; IP_TOOL_NAME                                 ; Qsys                                                       ; --            ; cq_viola                                                  ; --             ;
; IP_TOOL_NAME                                 ; altera_avalon_onchip_memory2                               ; --            ; cq_viola_ipl_memory                                       ; --             ;
; IP_TOOL_NAME                                 ; altera_irq_mapper                                          ; --            ; cq_viola_irq_mapper                                       ; --             ;
; IP_TOOL_NAME                                 ; altera_avalon_jtag_uart                                    ; --            ; cq_viola_jtag_uart                                        ; --             ;
; IP_TOOL_NAME                                 ; altera_avalon_pio                                          ; --            ; cq_viola_led                                              ; --             ;
; IP_TOOL_NAME                                 ; altera_merlin_interconnect_wrapper                         ; --            ; cq_viola_mm_interconnect_0                                ; --             ;
; IP_TOOL_NAME                                 ; altera_merlin_router                                       ; --            ; cq_viola_mm_interconnect_0_addr_router                    ; --             ;
; IP_TOOL_NAME                                 ; altera_merlin_router                                       ; --            ; cq_viola_mm_interconnect_0_addr_router_001                ; --             ;
; IP_TOOL_NAME                                 ; altera_merlin_router                                       ; --            ; cq_viola_mm_interconnect_0_addr_router_002                ; --             ;
; IP_TOOL_NAME                                 ; altera_merlin_demultiplexer                                ; --            ; cq_viola_mm_interconnect_0_cmd_xbar_demux                 ; --             ;
; IP_TOOL_NAME                                 ; altera_merlin_demultiplexer                                ; --            ; cq_viola_mm_interconnect_0_cmd_xbar_demux_001             ; --             ;
; IP_TOOL_NAME                                 ; altera_merlin_demultiplexer                                ; --            ; cq_viola_mm_interconnect_0_cmd_xbar_demux_002             ; --             ;
; IP_TOOL_NAME                                 ; altera_merlin_multiplexer                                  ; --            ; cq_viola_mm_interconnect_0_cmd_xbar_mux                   ; --             ;
; IP_TOOL_NAME                                 ; altera_merlin_multiplexer                                  ; --            ; cq_viola_mm_interconnect_0_cmd_xbar_mux_001               ; --             ;
; IP_TOOL_NAME                                 ; altera_merlin_multiplexer                                  ; --            ; cq_viola_mm_interconnect_0_cmd_xbar_mux_003               ; --             ;
; IP_TOOL_NAME                                 ; altera_merlin_router                                       ; --            ; cq_viola_mm_interconnect_0_id_router                      ; --             ;
; IP_TOOL_NAME                                 ; altera_merlin_router                                       ; --            ; cq_viola_mm_interconnect_0_id_router_001                  ; --             ;
; IP_TOOL_NAME                                 ; altera_merlin_router                                       ; --            ; cq_viola_mm_interconnect_0_id_router_003                  ; --             ;
; IP_TOOL_NAME                                 ; altera_merlin_demultiplexer                                ; --            ; cq_viola_mm_interconnect_0_rsp_xbar_demux                 ; --             ;
; IP_TOOL_NAME                                 ; altera_merlin_demultiplexer                                ; --            ; cq_viola_mm_interconnect_0_rsp_xbar_demux_001             ; --             ;
; IP_TOOL_NAME                                 ; altera_merlin_demultiplexer                                ; --            ; cq_viola_mm_interconnect_0_rsp_xbar_demux_003             ; --             ;
; IP_TOOL_NAME                                 ; altera_merlin_multiplexer                                  ; --            ; cq_viola_mm_interconnect_0_rsp_xbar_mux                   ; --             ;
; IP_TOOL_NAME                                 ; altera_merlin_multiplexer                                  ; --            ; cq_viola_mm_interconnect_0_rsp_xbar_mux_001               ; --             ;
; IP_TOOL_NAME                                 ; altera_merlin_multiplexer                                  ; --            ; cq_viola_mm_interconnect_0_rsp_xbar_mux_002               ; --             ;
; IP_TOOL_NAME                                 ; altera_merlin_interconnect_wrapper                         ; --            ; cq_viola_mm_interconnect_1                                ; --             ;
; IP_TOOL_NAME                                 ; altera_merlin_router                                       ; --            ; cq_viola_mm_interconnect_1_addr_router                    ; --             ;
; IP_TOOL_NAME                                 ; altera_merlin_demultiplexer                                ; --            ; cq_viola_mm_interconnect_1_cmd_xbar_demux                 ; --             ;
; IP_TOOL_NAME                                 ; altera_merlin_multiplexer                                  ; --            ; cq_viola_mm_interconnect_1_cmd_xbar_mux                   ; --             ;
; IP_TOOL_NAME                                 ; altera_merlin_multiplexer                                  ; --            ; cq_viola_mm_interconnect_1_cmd_xbar_mux_005               ; --             ;
; IP_TOOL_NAME                                 ; altera_merlin_router                                       ; --            ; cq_viola_mm_interconnect_1_id_router                      ; --             ;
; IP_TOOL_NAME                                 ; altera_merlin_router                                       ; --            ; cq_viola_mm_interconnect_1_id_router_005                  ; --             ;
; IP_TOOL_NAME                                 ; altera_merlin_demultiplexer                                ; --            ; cq_viola_mm_interconnect_1_rsp_xbar_demux                 ; --             ;
; IP_TOOL_NAME                                 ; altera_merlin_demultiplexer                                ; --            ; cq_viola_mm_interconnect_1_rsp_xbar_demux_005             ; --             ;
; IP_TOOL_NAME                                 ; altera_merlin_multiplexer                                  ; --            ; cq_viola_mm_interconnect_1_rsp_xbar_mux                   ; --             ;
; IP_TOOL_NAME                                 ; altera_nios2_qsys                                          ; --            ; cq_viola_nios2_s                                          ; --             ;
; IP_TOOL_NAME                                 ; altera_customins_xconnect                                  ; --            ; cq_viola_nios2_s_custom_instruction_master_multi_xconnect ; --             ;
; IP_TOOL_NAME                                 ; altera_avalon_new_sdram_controller                         ; --            ; cq_viola_sdram                                            ; --             ;
; IP_TOOL_NAME                                 ; altera_avalon_sysid_qsys                                   ; --            ; cq_viola_sysid                                            ; --             ;
; IP_TOOL_NAME                                 ; altera_avalon_timer                                        ; --            ; cq_viola_systimer                                         ; --             ;
; IP_TOOL_NAME                                 ; altera_avalon_spi                                          ; --            ; cq_viola_touchpanel                                       ; --             ;
; IP_TOOL_VERSION                              ; 13.1                                                       ; --            ; --                                                        ; --             ;
; IP_TOOL_VERSION                              ; 13.1                                                       ; --            ; altera_avalon_mm_bridge                                   ; --             ;
; IP_TOOL_VERSION                              ; 13.1                                                       ; --            ; altera_avalon_sc_fifo                                     ; --             ;
; IP_TOOL_VERSION                              ; 13.1                                                       ; --            ; altera_avalon_st_handshake_clock_crosser                  ; --             ;
; IP_TOOL_VERSION                              ; 13.1                                                       ; --            ; altera_customins_master_translator                        ; --             ;
; IP_TOOL_VERSION                              ; 13.1                                                       ; --            ; altera_customins_slave_translator                         ; --             ;
; IP_TOOL_VERSION                              ; 13.1                                                       ; --            ; altera_irq_clock_crosser                                  ; --             ;
; IP_TOOL_VERSION                              ; 13.1                                                       ; --            ; altera_merlin_burst_adapter                               ; --             ;
; IP_TOOL_VERSION                              ; 13.1                                                       ; --            ; altera_merlin_master_agent                                ; --             ;
; IP_TOOL_VERSION                              ; 13.1                                                       ; --            ; altera_merlin_master_translator                           ; --             ;
; IP_TOOL_VERSION                              ; 13.1                                                       ; --            ; altera_merlin_slave_agent                                 ; --             ;
; IP_TOOL_VERSION                              ; 13.1                                                       ; --            ; altera_merlin_slave_translator                            ; --             ;
; IP_TOOL_VERSION                              ; 13.1                                                       ; --            ; altera_merlin_traffic_limiter                             ; --             ;
; IP_TOOL_VERSION                              ; 13.1                                                       ; --            ; altera_merlin_width_adapter                               ; --             ;
; IP_TOOL_VERSION                              ; 13.1                                                       ; --            ; altera_reset_controller                                   ; --             ;
; IP_TOOL_VERSION                              ; 13.1                                                       ; --            ; cq_viola                                                  ; --             ;
; IP_TOOL_VERSION                              ; 13.1                                                       ; --            ; cq_viola_ipl_memory                                       ; --             ;
; IP_TOOL_VERSION                              ; 13.1                                                       ; --            ; cq_viola_irq_mapper                                       ; --             ;
; IP_TOOL_VERSION                              ; 13.1                                                       ; --            ; cq_viola_jtag_uart                                        ; --             ;
; IP_TOOL_VERSION                              ; 13.1                                                       ; --            ; cq_viola_led                                              ; --             ;
; IP_TOOL_VERSION                              ; 13.1                                                       ; --            ; cq_viola_mm_interconnect_0                                ; --             ;
; IP_TOOL_VERSION                              ; 13.1                                                       ; --            ; cq_viola_mm_interconnect_0_addr_router                    ; --             ;
; IP_TOOL_VERSION                              ; 13.1                                                       ; --            ; cq_viola_mm_interconnect_0_addr_router_001                ; --             ;
; IP_TOOL_VERSION                              ; 13.1                                                       ; --            ; cq_viola_mm_interconnect_0_addr_router_002                ; --             ;
; IP_TOOL_VERSION                              ; 13.1                                                       ; --            ; cq_viola_mm_interconnect_0_cmd_xbar_demux                 ; --             ;
; IP_TOOL_VERSION                              ; 13.1                                                       ; --            ; cq_viola_mm_interconnect_0_cmd_xbar_demux_001             ; --             ;
; IP_TOOL_VERSION                              ; 13.1                                                       ; --            ; cq_viola_mm_interconnect_0_cmd_xbar_demux_002             ; --             ;
; IP_TOOL_VERSION                              ; 13.1                                                       ; --            ; cq_viola_mm_interconnect_0_cmd_xbar_mux                   ; --             ;
; IP_TOOL_VERSION                              ; 13.1                                                       ; --            ; cq_viola_mm_interconnect_0_cmd_xbar_mux_001               ; --             ;
; IP_TOOL_VERSION                              ; 13.1                                                       ; --            ; cq_viola_mm_interconnect_0_cmd_xbar_mux_003               ; --             ;
; IP_TOOL_VERSION                              ; 13.1                                                       ; --            ; cq_viola_mm_interconnect_0_id_router                      ; --             ;
; IP_TOOL_VERSION                              ; 13.1                                                       ; --            ; cq_viola_mm_interconnect_0_id_router_001                  ; --             ;
; IP_TOOL_VERSION                              ; 13.1                                                       ; --            ; cq_viola_mm_interconnect_0_id_router_003                  ; --             ;
; IP_TOOL_VERSION                              ; 13.1                                                       ; --            ; cq_viola_mm_interconnect_0_rsp_xbar_demux                 ; --             ;
; IP_TOOL_VERSION                              ; 13.1                                                       ; --            ; cq_viola_mm_interconnect_0_rsp_xbar_demux_001             ; --             ;
; IP_TOOL_VERSION                              ; 13.1                                                       ; --            ; cq_viola_mm_interconnect_0_rsp_xbar_demux_003             ; --             ;
; IP_TOOL_VERSION                              ; 13.1                                                       ; --            ; cq_viola_mm_interconnect_0_rsp_xbar_mux                   ; --             ;
; IP_TOOL_VERSION                              ; 13.1                                                       ; --            ; cq_viola_mm_interconnect_0_rsp_xbar_mux_001               ; --             ;
; IP_TOOL_VERSION                              ; 13.1                                                       ; --            ; cq_viola_mm_interconnect_0_rsp_xbar_mux_002               ; --             ;
; IP_TOOL_VERSION                              ; 13.1                                                       ; --            ; cq_viola_mm_interconnect_1                                ; --             ;
; IP_TOOL_VERSION                              ; 13.1                                                       ; --            ; cq_viola_mm_interconnect_1_addr_router                    ; --             ;
; IP_TOOL_VERSION                              ; 13.1                                                       ; --            ; cq_viola_mm_interconnect_1_cmd_xbar_demux                 ; --             ;
; IP_TOOL_VERSION                              ; 13.1                                                       ; --            ; cq_viola_mm_interconnect_1_cmd_xbar_mux                   ; --             ;
; IP_TOOL_VERSION                              ; 13.1                                                       ; --            ; cq_viola_mm_interconnect_1_cmd_xbar_mux_005               ; --             ;
; IP_TOOL_VERSION                              ; 13.1                                                       ; --            ; cq_viola_mm_interconnect_1_id_router                      ; --             ;
; IP_TOOL_VERSION                              ; 13.1                                                       ; --            ; cq_viola_mm_interconnect_1_id_router_005                  ; --             ;
; IP_TOOL_VERSION                              ; 13.1                                                       ; --            ; cq_viola_mm_interconnect_1_rsp_xbar_demux                 ; --             ;
; IP_TOOL_VERSION                              ; 13.1                                                       ; --            ; cq_viola_mm_interconnect_1_rsp_xbar_demux_005             ; --             ;
; IP_TOOL_VERSION                              ; 13.1                                                       ; --            ; cq_viola_mm_interconnect_1_rsp_xbar_mux                   ; --             ;
; IP_TOOL_VERSION                              ; 13.1                                                       ; --            ; cq_viola_nios2_s                                          ; --             ;
; IP_TOOL_VERSION                              ; 13.1                                                       ; --            ; cq_viola_nios2_s_custom_instruction_master_multi_xconnect ; --             ;
; IP_TOOL_VERSION                              ; 13.1                                                       ; --            ; cq_viola_sdram                                            ; --             ;
; IP_TOOL_VERSION                              ; 13.1                                                       ; --            ; cq_viola_sysid                                            ; --             ;
; IP_TOOL_VERSION                              ; 13.1                                                       ; --            ; cq_viola_systimer                                         ; --             ;
; IP_TOOL_VERSION                              ; 13.1                                                       ; --            ; cq_viola_touchpanel                                       ; --             ;
; MAX_CORE_JUNCTION_TEMP                       ; 85                                                         ; --            ; --                                                        ; --             ;
; MIN_CORE_JUNCTION_TEMP                       ; 0                                                          ; --            ; --                                                        ; --             ;
; MISC_FILE                                    ; cq_viola/synthesis/../../cq_viola.cmp                      ; --            ; --                                                        ; --             ;
; MISC_FILE                                    ; cq_viola/synthesis/../../cq_viola.qsys                     ; --            ; --                                                        ; --             ;
; MISC_FILE                                    ; syspll.bsf                                                 ; --            ; --                                                        ; --             ;
; MISC_FILE                                    ; syspll.ppf                                                 ; --            ; --                                                        ; --             ;
; OUTPUT_IO_TIMING_FAR_END_VMEAS               ; Half Signal Swing                                          ; --            ; --                                                        ; --             ;
; OUTPUT_IO_TIMING_FAR_END_VMEAS               ; Half Signal Swing                                          ; --            ; --                                                        ; --             ;
; OUTPUT_IO_TIMING_NEAR_END_VMEAS              ; Half Vccio                                                 ; --            ; --                                                        ; --             ;
; OUTPUT_IO_TIMING_NEAR_END_VMEAS              ; Half Vccio                                                 ; --            ; --                                                        ; --             ;
; PARTITION_COLOR                              ; 16764057                                                   ; --            ; --                                                        ; Top            ;
; PARTITION_FITTER_PRESERVATION_LEVEL          ; PLACEMENT_AND_ROUTING                                      ; --            ; --                                                        ; Top            ;
; PARTITION_NETLIST_TYPE                       ; SOURCE                                                     ; --            ; --                                                        ; Top            ;
; PHYSICAL_SYNTHESIS_COMBO_LOGIC               ; On                                                         ; Off           ; --                                                        ; --             ;
; PHYSICAL_SYNTHESIS_REGISTER_DUPLICATION      ; On                                                         ; Off           ; --                                                        ; --             ;
; PHYSICAL_SYNTHESIS_REGISTER_RETIMING         ; On                                                         ; Off           ; --                                                        ; --             ;
; PROJECT_OUTPUT_DIRECTORY                     ; output_files                                               ; --            ; --                                                        ; --             ;
; ROUTER_LCELL_INSERTION_AND_LOGIC_DUPLICATION ; On                                                         ; Auto          ; --                                                        ; --             ;
; ROUTER_TIMING_OPTIMIZATION_LEVEL             ; MAXIMUM                                                    ; Normal        ; --                                                        ; --             ;
; SLD_FILE                                     ; cq_viola/synthesis/cq_viola.regmap                         ; --            ; --                                                        ; --             ;
; SLD_FILE                                     ; cq_viola/synthesis/cq_viola.debuginfo                      ; --            ; --                                                        ; --             ;
; SLD_INFO                                     ; QSYS_NAME cq_viola HAS_SOPCINFO 1 GENERATION_ID 1399996659 ; --            ; cq_viola                                                  ; --             ;
; SMART_RECOMPILE                              ; On                                                         ; Off           ; --                                                        ; --             ;
; SOPCINFO_FILE                                ; cq_viola/synthesis/../../cq_viola.sopcinfo                 ; --            ; --                                                        ; --             ;
; SYNTHESIS_ONLY_QIP                           ; On                                                         ; --            ; --                                                        ; --             ;
+----------------------------------------------+------------------------------------------------------------+---------------+-----------------------------------------------------------+----------------+


+-------------------------------------------------------------------------------------------------------------------------------+
; Flow Elapsed Time                                                                                                             ;
+---------------------------+--------------+-------------------------+---------------------+------------------------------------+
; Module Name               ; Elapsed Time ; Average Processors Used ; Peak Virtual Memory ; Total CPU Time (on all processors) ;
+---------------------------+--------------+-------------------------+---------------------+------------------------------------+
; Analysis & Synthesis      ; 00:00:41     ; 1.0                     ; 742 MB              ; 00:00:41                           ;
; Fitter                    ; 00:02:06     ; 1.9                     ; 1257 MB             ; 00:02:39                           ;
; Assembler                 ; 00:00:01     ; 1.0                     ; 489 MB              ; 00:00:02                           ;
; TimeQuest Timing Analyzer ; 00:00:08     ; 1.0                     ; 645 MB              ; 00:00:10                           ;
; Design Assistant          ; 00:00:05     ; 1.0                     ; 513 MB              ; 00:00:05                           ;
; EDA Netlist Writer        ; 00:00:10     ; 1.0                     ; 530 MB              ; 00:00:10                           ;
; Total                     ; 00:03:11     ; --                      ; --                  ; 00:03:47                           ;
+---------------------------+--------------+-------------------------+---------------------+------------------------------------+


+----------------------------------------------------------------------------------------+
; Flow OS Summary                                                                        ;
+---------------------------+------------------+-----------+------------+----------------+
; Module Name               ; Machine Hostname ; OS Name   ; OS Version ; Processor type ;
+---------------------------+------------------+-----------+------------+----------------+
; Analysis & Synthesis      ; BRUENNHILDE      ; Windows 7 ; 6.2        ; x86_64         ;
; Fitter                    ; BRUENNHILDE      ; Windows 7 ; 6.2        ; x86_64         ;
; Assembler                 ; BRUENNHILDE      ; Windows 7 ; 6.2        ; x86_64         ;
; TimeQuest Timing Analyzer ; BRUENNHILDE      ; Windows 7 ; 6.2        ; x86_64         ;
; Design Assistant          ; BRUENNHILDE      ; Windows 7 ; 6.2        ; x86_64         ;
; EDA Netlist Writer        ; BRUENNHILDE      ; Windows 7 ; 6.2        ; x86_64         ;
+---------------------------+------------------+-----------+------------+----------------+


------------
; Flow Log ;
------------
quartus_map --read_settings_files=on --write_settings_files=off cq_viola_top -c cq_viola_top
quartus_fit --read_settings_files=off --write_settings_files=off cq_viola_top -c cq_viola_top
quartus_asm --read_settings_files=off --write_settings_files=off cq_viola_top -c cq_viola_top
quartus_sta cq_viola_top -c cq_viola_top
quartus_drc --read_settings_files=off --write_settings_files=off cq_viola_top -c cq_viola_top
quartus_eda --read_settings_files=off --write_settings_files=off cq_viola_top -c cq_viola_top



