Analysis & Synthesis report for psconfig_top
Fri Oct 25 23:26:53 2013
Quartus II 64-Bit Version 13.0.1 Build 232 06/12/2013 Service Pack 1 SJ Web Edition


---------------------
; Table of Contents ;
---------------------
  1. Legal Notice
  2. Analysis & Synthesis Summary
  3. Analysis & Synthesis Settings
  4. Parallel Compilation
  5. Analysis & Synthesis Source Files Read
  6. Analysis & Synthesis Resource Usage Summary
  7. Analysis & Synthesis Resource Utilization by Entity
  8. Analysis & Synthesis IP Cores Summary
  9. State Machine - |psconfig_top|psstate
 10. State Machine - |psconfig_top|avalonst_byte_to_usbfifo:inst_ftif|ifstate
 11. General Register Statistics
 12. Inverted Register Statistics
 13. Multiplexer Restructuring Statistics (Restructuring Performed)
 14. Port Connectivity Checks: "max2_internal_osc:osc_inst"
 15. Analysis & Synthesis Messages



----------------
; Legal Notice ;
----------------
Copyright (C) 1991-2013 Altera Corporation
Your use of Altera Corporation's design tools, logic functions 
and other software and tools, and its AMPP partner logic 
functions, and any output files from any of the foregoing 
(including device programming or simulation files), and any 
associated documentation or information are expressly subject 
to the terms and conditions of the Altera Program License 
Subscription Agreement, Altera MegaCore Function License 
Agreement, or other applicable license agreement, including, 
without limitation, that your use is for the sole purpose of 
programming logic devices manufactured by Altera and sold by 
Altera or its authorized distributors.  Please refer to the 
applicable agreement for further details.



+-------------------------------------------------------------------------------+
; Analysis & Synthesis Summary                                                  ;
+-----------------------------+-------------------------------------------------+
; Analysis & Synthesis Status ; Successful - Fri Oct 25 23:26:53 2013           ;
; Quartus II 64-Bit Version   ; 13.0.1 Build 232 06/12/2013 SP 1 SJ Web Edition ;
; Revision Name               ; psconfig_top                                    ;
; Top-level Entity Name       ; psconfig_top                                    ;
; Family                      ; MAX V                                           ;
; Total logic elements        ; 175                                             ;
; Total pins                  ; 39                                              ;
; Total virtual pins          ; 0                                               ;
; UFM blocks                  ; 1 / 1 ( 100 % )                                 ;
+-----------------------------+-------------------------------------------------+


+----------------------------------------------------------------------------------------------------------------------+
; Analysis & Synthesis Settings                                                                                        ;
+----------------------------------------------------------------------------+--------------------+--------------------+
; Option                                                                     ; Setting            ; Default Value      ;
+----------------------------------------------------------------------------+--------------------+--------------------+
; Device                                                                     ; 5M160ZE64C5        ;                    ;
; Top-level entity name                                                      ; psconfig_top       ; psconfig_top       ;
; Family name                                                                ; MAX V              ; Cyclone IV GX      ;
; Optimization Technique                                                     ; Area               ; Balanced           ;
; Use smart compilation                                                      ; Off                ; Off                ;
; Enable parallel Assembler and TimeQuest Timing Analyzer during compilation ; On                 ; On                 ;
; Enable compact report table                                                ; Off                ; Off                ;
; Restructure Multiplexers                                                   ; Auto               ; Auto               ;
; Create Debugging Nodes for IP Cores                                        ; Off                ; Off                ;
; Preserve fewer node names                                                  ; On                 ; On                 ;
; Disable OpenCore Plus hardware evaluation                                  ; Off                ; Off                ;
; Verilog Version                                                            ; Verilog_2001       ; Verilog_2001       ;
; VHDL Version                                                               ; VHDL_1993          ; VHDL_1993          ;
; State Machine Processing                                                   ; Auto               ; Auto               ;
; Safe State Machine                                                         ; Off                ; Off                ;
; Extract Verilog State Machines                                             ; On                 ; On                 ;
; Extract VHDL State Machines                                                ; On                 ; On                 ;
; Ignore Verilog initial constructs                                          ; Off                ; Off                ;
; Iteration limit for constant Verilog loops                                 ; 5000               ; 5000               ;
; Iteration limit for non-constant Verilog loops                             ; 250                ; 250                ;
; Add Pass-Through Logic to Inferred RAMs                                    ; On                 ; On                 ;
; Infer RAMs from Raw Logic                                                  ; On                 ; On                 ;
; Parallel Synthesis                                                         ; On                 ; On                 ;
; NOT Gate Push-Back                                                         ; On                 ; On                 ;
; Power-Up Don't Care                                                        ; On                 ; On                 ;
; Remove Redundant Logic Cells                                               ; Off                ; Off                ;
; Remove Duplicate Registers                                                 ; On                 ; On                 ;
; Ignore CARRY Buffers                                                       ; Off                ; Off                ;
; Ignore CASCADE Buffers                                                     ; Off                ; Off                ;
; Ignore GLOBAL Buffers                                                      ; Off                ; Off                ;
; Ignore ROW GLOBAL Buffers                                                  ; Off                ; Off                ;
; Ignore LCELL Buffers                                                       ; Off                ; Off                ;
; Ignore SOFT Buffers                                                        ; On                 ; On                 ;
; Limit AHDL Integers to 32 Bits                                             ; Off                ; Off                ;
; Carry Chain Length                                                         ; 70                 ; 70                 ;
; Auto Carry Chains                                                          ; On                 ; On                 ;
; Auto Open-Drain Pins                                                       ; On                 ; On                 ;
; Perform WYSIWYG Primitive Resynthesis                                      ; Off                ; Off                ;
; Auto Shift Register Replacement                                            ; Auto               ; Auto               ;
; Allow Shift Register Merging across Hierarchies                            ; Auto               ; Auto               ;
; Auto Clock Enable Replacement                                              ; On                 ; On                 ;
; Allow Synchronous Control Signals                                          ; On                 ; On                 ;
; Force Use of Synchronous Clear Signals                                     ; Off                ; Off                ;
; Auto Resource Sharing                                                      ; Off                ; Off                ;
; Use LogicLock Constraints during Resource Balancing                        ; On                 ; On                 ;
; Ignore translate_off and synthesis_off directives                          ; Off                ; Off                ;
; Report Parameter Settings                                                  ; On                 ; On                 ;
; Report Source Assignments                                                  ; On                 ; On                 ;
; Report Connectivity Checks                                                 ; On                 ; On                 ;
; Ignore Maximum Fan-Out Assignments                                         ; Off                ; Off                ;
; Synchronization Register Chain Length                                      ; 2                  ; 2                  ;
; PowerPlay Power Optimization                                               ; Normal compilation ; Normal compilation ;
; HDL message level                                                          ; Level2             ; Level2             ;
; Suppress Register Optimization Related Messages                            ; Off                ; Off                ;
; Number of Removed Registers Reported in Synthesis Report                   ; 5000               ; 5000               ;
; Number of Swept Nodes Reported in Synthesis Report                         ; 5000               ; 5000               ;
; Number of Inverted Registers Reported in Synthesis Report                  ; 100                ; 100                ;
; Clock MUX Protection                                                       ; On                 ; On                 ;
; Block Design Naming                                                        ; Auto               ; Auto               ;
; Synthesis Effort                                                           ; Auto               ; Auto               ;
; Shift Register Replacement - Allow Asynchronous Clear Signal               ; On                 ; On                 ;
; Pre-Mapping Resynthesis Optimization                                       ; Off                ; Off                ;
; Analysis & Synthesis Message Level                                         ; Medium             ; Medium             ;
; Disable Register Merging Across Hierarchies                                ; Auto               ; Auto               ;
; Synthesis Seed                                                             ; 1                  ; 1                  ;
+----------------------------------------------------------------------------+--------------------+--------------------+


+------------------------------------------+
; Parallel Compilation                     ;
+----------------------------+-------------+
; Processors                 ; Number      ;
+----------------------------+-------------+
; Number detected on machine ; 8           ;
; Maximum allowed            ; 4           ;
;                            ;             ;
; Average used               ; 1.00        ;
; Maximum used               ; 1           ;
;                            ;             ;
; Usage by Processor         ; % Time Used ;
;     Processor 1            ; 100.0%      ;
;     Processors 2-8         ;   0.0%      ;
+----------------------------+-------------+


+----------------------------------------------------------------------------------------------------------------------------------------------------------------------------+
; Analysis & Synthesis Source Files Read                                                                                                                                     ;
+----------------------------------+-----------------+-----------------------------+-------------------------------------------------------------------------------+---------+
; File Name with User-Entered Path ; Used in Netlist ; File Type                   ; File Name with Absolute Path                                                  ; Library ;
+----------------------------------+-----------------+-----------------------------+-------------------------------------------------------------------------------+---------+
; ../psconfig_top.vhd              ; yes             ; User VHDL File              ; C:/PROJECT/Physicaloid/c85_peridot/cpld/psconfig/psconfig_top.vhd             ;         ;
; ../max2_internal_osc.vhd         ; yes             ; User Wizard-Generated File  ; C:/PROJECT/Physicaloid/c85_peridot/cpld/psconfig/max2_internal_osc.vhd        ;         ;
; ../avalonst_byte_to_usbfifo.vhd  ; yes             ; User VHDL File              ; C:/PROJECT/Physicaloid/c85_peridot/cpld/psconfig/avalonst_byte_to_usbfifo.vhd ;         ;
; ../avalonst_byte_to_scif.vhd     ; yes             ; User VHDL File              ; C:/PROJECT/Physicaloid/c85_peridot/cpld/psconfig/avalonst_byte_to_scif.vhd    ;         ;
+----------------------------------+-----------------+-----------------------------+-------------------------------------------------------------------------------+---------+


+--------------------------------------------------------+
; Analysis & Synthesis Resource Usage Summary            ;
+---------------------------------------------+----------+
; Resource                                    ; Usage    ;
+---------------------------------------------+----------+
; Total logic elements                        ; 175      ;
;     -- Combinational with no register       ; 71       ;
;     -- Register only                        ; 26       ;
;     -- Combinational with a register        ; 78       ;
;                                             ;          ;
; Logic element usage by number of LUT inputs ;          ;
;     -- 4 input functions                    ; 52       ;
;     -- 3 input functions                    ; 35       ;
;     -- 2 input functions                    ; 52       ;
;     -- 1 input functions                    ; 9        ;
;     -- 0 input functions                    ; 1        ;
;                                             ;          ;
; Logic elements by mode                      ;          ;
;     -- normal mode                          ; 144      ;
;     -- arithmetic mode                      ; 31       ;
;     -- qfbk mode                            ; 0        ;
;     -- register cascade mode                ; 0        ;
;     -- synchronous clear/load mode          ; 26       ;
;     -- asynchronous clear/load mode         ; 71       ;
;                                             ;          ;
; Total registers                             ; 104      ;
; Total logic cells in carry chains           ; 34       ;
; I/O pins                                    ; 39       ;
; UFM blocks                                  ; 1        ;
; Maximum fan-out node                        ; clk24mhz ;
; Maximum fan-out                             ; 98       ;
; Total fan-out                               ; 725      ;
; Average fan-out                             ; 3.37     ;
+---------------------------------------------+----------+


+--------------------------------------------------------------------------------------------------------------------------------------------------------------------------------------------------------------------------------------------------------------------------------------------------------------------------------------------------------------------------------+
; Analysis & Synthesis Resource Utilization by Entity                                                                                                                                                                                                                                                                                                                            ;
+-------------------------------------------------------------------------------------+-------------+--------------+------------+------+--------------+--------------+-------------------+------------------+-----------------+------------+----------------------------------------------------------------------------------------------------------------------+--------------+
; Compilation Hierarchy Node                                                          ; Logic Cells ; LC Registers ; UFM Blocks ; Pins ; Virtual Pins ; LUT-Only LCs ; Register-Only LCs ; LUT/Register LCs ; Carry Chain LCs ; Packed LCs ; Full Hierarchy Name                                                                                                  ; Library Name ;
+-------------------------------------------------------------------------------------+-------------+--------------+------------+------+--------------+--------------+-------------------+------------------+-----------------+------------+----------------------------------------------------------------------------------------------------------------------+--------------+
; |psconfig_top                                                                       ; 175 (88)    ; 104          ; 1          ; 39   ; 0            ; 71 (40)      ; 26 (4)            ; 78 (44)          ; 34 (30)         ; 0 (0)      ; |psconfig_top                                                                                                        ; work         ;
;    |avalonst_byte_to_scif:inst_scif|                                                ; 52 (52)     ; 31           ; 0          ; 0    ; 0            ; 21 (21)      ; 8 (8)             ; 23 (23)          ; 4 (4)           ; 0 (0)      ; |psconfig_top|avalonst_byte_to_scif:inst_scif                                                                        ; work         ;
;    |avalonst_byte_to_usbfifo:inst_ftif|                                             ; 35 (35)     ; 25           ; 0          ; 0    ; 0            ; 10 (10)      ; 14 (14)           ; 11 (11)          ; 0 (0)           ; 0 (0)      ; |psconfig_top|avalonst_byte_to_usbfifo:inst_ftif                                                                     ; work         ;
;    |max2_internal_osc:osc_inst|                                                     ; 0 (0)       ; 0            ; 1          ; 0    ; 0            ; 0 (0)        ; 0 (0)             ; 0 (0)            ; 0 (0)           ; 0 (0)      ; |psconfig_top|max2_internal_osc:osc_inst                                                                             ; work         ;
;       |max2_internal_osc_altufm_osc_lv5:max2_internal_osc_altufm_osc_lv5_component| ; 0 (0)       ; 0            ; 1          ; 0    ; 0            ; 0 (0)        ; 0 (0)             ; 0 (0)            ; 0 (0)           ; 0 (0)      ; |psconfig_top|max2_internal_osc:osc_inst|max2_internal_osc_altufm_osc_lv5:max2_internal_osc_altufm_osc_lv5_component ; work         ;
+-------------------------------------------------------------------------------------+-------------+--------------+------------+------+--------------+--------------+-------------------+------------------+-----------------+------------+----------------------------------------------------------------------------------------------------------------------+--------------+
Note: For table entries with two numbers listed, the numbers in parentheses indicate the number of resources of the given type used by the specific entity alone. The numbers listed outside of parentheses indicate the total resources of the given type used by the specific entity and all of its sub-entities in the hierarchy.


+----------------------------------------------------------------------------------------------------------------------------------------------------------------------------------------+
; Analysis & Synthesis IP Cores Summary                                                                                                                                                  ;
+--------+-------------------+---------+--------------+--------------+------------------------------------------+------------------------------------------------------------------------+
; Vendor ; IP Core Name      ; Version ; Release Date ; License Type ; Entity Instance                          ; IP Include File                                                        ;
+--------+-------------------+---------+--------------+--------------+------------------------------------------+------------------------------------------------------------------------+
; Altera ; MAX II oscillator ; N/A     ; N/A          ; N/A          ; |psconfig_top|max2_internal_osc:osc_inst ; C:/PROJECT/Physicaloid/c85_peridot/cpld/psconfig/max2_internal_osc.vhd ;
+--------+-------------------+---------+--------------+--------------+------------------------------------------+------------------------------------------------------------------------+


Encoding Type:  One-Hot
+----------------------------------------------------------------------------------------------------------------------------------+
; State Machine - |psconfig_top|psstate                                                                                            ;
+--------------------+---------------+--------------------+-----------------+------------------+--------------------+--------------+
; Name               ; psstate.THROW ; psstate.ESCAPE_ACK ; psstate.SETRESP ; psstate.GETPARAM ; psstate.CONFIG_ACK ; psstate.IDLE ;
+--------------------+---------------+--------------------+-----------------+------------------+--------------------+--------------+
; psstate.IDLE       ; 0             ; 0                  ; 0               ; 0                ; 0                  ; 0            ;
; psstate.CONFIG_ACK ; 0             ; 0                  ; 0               ; 0                ; 1                  ; 1            ;
; psstate.GETPARAM   ; 0             ; 0                  ; 0               ; 1                ; 0                  ; 1            ;
; psstate.SETRESP    ; 0             ; 0                  ; 1               ; 0                ; 0                  ; 1            ;
; psstate.ESCAPE_ACK ; 0             ; 1                  ; 0               ; 0                ; 0                  ; 1            ;
; psstate.THROW      ; 1             ; 0                  ; 0               ; 0                ; 0                  ; 1            ;
+--------------------+---------------+--------------------+-----------------+------------------+--------------------+--------------+


Encoding Type:  One-Hot
+-----------------------------------------------------------------------------------------------------------------------------------------------------------------------------------------------------------+
; State Machine - |psconfig_top|avalonst_byte_to_usbfifo:inst_ftif|ifstate                                                                                                                                  ;
+--------------------+--------------------+--------------------+--------------------+--------------------+--------------------+--------------------+--------------------+--------------------+--------------+
; Name               ; ifstate.FT_TXEWAIT ; ifstate.FT_WRWAIT2 ; ifstate.FT_WRWAIT1 ; ifstate.FT_SETBYTE ; ifstate.FT_RXFWAIT ; ifstate.FT_GETBYTE ; ifstate.FT_RDWAIT2 ; ifstate.FT_RDWAIT1 ; ifstate.IDLE ;
+--------------------+--------------------+--------------------+--------------------+--------------------+--------------------+--------------------+--------------------+--------------------+--------------+
; ifstate.IDLE       ; 0                  ; 0                  ; 0                  ; 0                  ; 0                  ; 0                  ; 0                  ; 0                  ; 0            ;
; ifstate.FT_RDWAIT1 ; 0                  ; 0                  ; 0                  ; 0                  ; 0                  ; 0                  ; 0                  ; 1                  ; 1            ;
; ifstate.FT_RDWAIT2 ; 0                  ; 0                  ; 0                  ; 0                  ; 0                  ; 0                  ; 1                  ; 0                  ; 1            ;
; ifstate.FT_GETBYTE ; 0                  ; 0                  ; 0                  ; 0                  ; 0                  ; 1                  ; 0                  ; 0                  ; 1            ;
; ifstate.FT_RXFWAIT ; 0                  ; 0                  ; 0                  ; 0                  ; 1                  ; 0                  ; 0                  ; 0                  ; 1            ;
; ifstate.FT_SETBYTE ; 0                  ; 0                  ; 0                  ; 1                  ; 0                  ; 0                  ; 0                  ; 0                  ; 1            ;
; ifstate.FT_WRWAIT1 ; 0                  ; 0                  ; 1                  ; 0                  ; 0                  ; 0                  ; 0                  ; 0                  ; 1            ;
; ifstate.FT_WRWAIT2 ; 0                  ; 1                  ; 0                  ; 0                  ; 0                  ; 0                  ; 0                  ; 0                  ; 1            ;
; ifstate.FT_TXEWAIT ; 1                  ; 0                  ; 0                  ; 0                  ; 0                  ; 0                  ; 0                  ; 0                  ; 1            ;
+--------------------+--------------------+--------------------+--------------------+--------------------+--------------------+--------------------+--------------------+--------------------+--------------+


+------------------------------------------------------+
; General Register Statistics                          ;
+----------------------------------------------+-------+
; Statistic                                    ; Value ;
+----------------------------------------------+-------+
; Total registers                              ; 104   ;
; Number of registers using Synchronous Clear  ; 26    ;
; Number of registers using Synchronous Load   ; 0     ;
; Number of registers using Asynchronous Clear ; 71    ;
; Number of registers using Asynchronous Load  ; 0     ;
; Number of registers using Clock Enable       ; 35    ;
; Number of registers using Preset             ; 0     ;
+----------------------------------------------+-------+


+----------------------------------------------------------+
; Inverted Register Statistics                             ;
+------------------------------------------------+---------+
; Inverted Register                              ; Fan out ;
+------------------------------------------------+---------+
; usermode_reg                                   ; 9       ;
; avalonst_byte_to_scif:inst_scif|outdata_reg[0] ; 2       ;
; nconfig_reg                                    ; 1       ;
; sclout_reg                                     ; 1       ;
; sdaout_reg                                     ; 1       ;
; Total number of inverted registers = 5         ;         ;
+------------------------------------------------+---------+


+----------------------------------------------------------------------------------------------------------------------------------------------------------------------------+
; Multiplexer Restructuring Statistics (Restructuring Performed)                                                                                                             ;
+--------------------+-----------+---------------+----------------------+------------------------+------------+--------------------------------------------------------------+
; Multiplexer Inputs ; Bus Width ; Baseline Area ; Area if Restructured ; Saving if Restructured ; Registered ; Example Multiplexer Output                                   ;
+--------------------+-----------+---------------+----------------------+------------------------+------------+--------------------------------------------------------------+
; 3:1                ; 6 bits    ; 12 LEs        ; 6 LEs                ; 6 LEs                  ; Yes        ; |psconfig_top|avalonst_byte_to_scif:inst_scif|outdata_reg[7] ;
; 4:1                ; 4 bits    ; 8 LEs         ; 8 LEs                ; 0 LEs                  ; Yes        ; |psconfig_top|avalonst_byte_to_scif:inst_scif|txcounter[0]   ;
; 5:1                ; 4 bits    ; 12 LEs        ; 8 LEs                ; 4 LEs                  ; Yes        ; |psconfig_top|avalonst_byte_to_scif:inst_scif|rxcounter[0]   ;
; 3:1                ; 2 bits    ; 4 LEs         ; 2 LEs                ; 2 LEs                  ; No         ; |psconfig_top|avalonst_byte_to_usbfifo:inst_ftif|ft_wr_reg   ;
; 8:1                ; 3 bits    ; 15 LEs        ; 9 LEs                ; 6 LEs                  ; No         ; |psconfig_top|avalonst_byte_to_usbfifo:inst_ftif|Selector1   ;
+--------------------+-----------+---------------+----------------------+------------------------+------------+--------------------------------------------------------------+


+--------------------------------------------------------+
; Port Connectivity Checks: "max2_internal_osc:osc_inst" ;
+--------+-------+----------+----------------------------+
; Port   ; Type  ; Severity ; Details                    ;
+--------+-------+----------+----------------------------+
; oscena ; Input ; Info     ; Stuck at VCC               ;
+--------+-------+----------+----------------------------+


+-------------------------------+
; Analysis & Synthesis Messages ;
+-------------------------------+
Info: *******************************************************************
Info: Running Quartus II 64-Bit Analysis & Synthesis
    Info: Version 13.0.1 Build 232 06/12/2013 Service Pack 1 SJ Web Edition
    Info: Processing started: Fri Oct 25 23:26:51 2013
Info: Command: quartus_map --read_settings_files=on --write_settings_files=off psconfig_top -c psconfig_top
Info (11104): Parallel Compilation has detected 8 hyper-threaded processors. However, the extra hyper-threaded processors will not be used by default. Parallel Compilation will use 4 of the 4 physical processors detected instead.
Info (12021): Found 2 design units, including 1 entities, in source file /project/physicaloid/c85_peridot/cpld/psconfig/psconfig_top.vhd
    Info (12022): Found design unit 1: psconfig_top-RTL
    Info (12023): Found entity 1: psconfig_top
Info (12021): Found 4 design units, including 2 entities, in source file /project/physicaloid/c85_peridot/cpld/psconfig/max2_internal_osc.vhd
    Info (12022): Found design unit 1: max2_internal_osc_altufm_osc_lv5-RTL
    Info (12022): Found design unit 2: max2_internal_osc-RTL
    Info (12023): Found entity 1: max2_internal_osc_altufm_osc_lv5
    Info (12023): Found entity 2: max2_internal_osc
Info (12021): Found 2 design units, including 1 entities, in source file /project/physicaloid/c85_peridot/cpld/psconfig/avalonst_byte_to_usbfifo.vhd
    Info (12022): Found design unit 1: avalonst_byte_to_usbfifo-RTL
    Info (12023): Found entity 1: avalonst_byte_to_usbfifo
Info (12021): Found 2 design units, including 1 entities, in source file /project/physicaloid/c85_peridot/cpld/psconfig/avalonst_byte_to_scif.vhd
    Info (12022): Found design unit 1: avalonst_byte_to_scif-RTL
    Info (12023): Found entity 1: avalonst_byte_to_scif
Info (12127): Elaborating entity "psconfig_top" for the top level hierarchy
Info (12128): Elaborating entity "max2_internal_osc" for hierarchy "max2_internal_osc:osc_inst"
Info (12128): Elaborating entity "max2_internal_osc_altufm_osc_lv5" for hierarchy "max2_internal_osc:osc_inst|max2_internal_osc_altufm_osc_lv5:max2_internal_osc_altufm_osc_lv5_component"
Info (12128): Elaborating entity "avalonst_byte_to_usbfifo" for hierarchy "avalonst_byte_to_usbfifo:inst_ftif"
Info (12128): Elaborating entity "avalonst_byte_to_scif" for hierarchy "avalonst_byte_to_scif:inst_scif"
Info (18000): Registers with preset signals will power-up high
Info (21057): Implemented 215 device resources after synthesis - the final resource count might be different
    Info (21058): Implemented 13 input pins
    Info (21059): Implemented 15 output pins
    Info (21060): Implemented 11 bidirectional pins
    Info (21061): Implemented 175 logic cells
    Info (21070): Implemented 1 User Flash Memory blocks
Info: Quartus II 64-Bit Analysis & Synthesis was successful. 0 errors, 0 warnings
    Info: Peak virtual memory: 472 megabytes
    Info: Processing ended: Fri Oct 25 23:26:53 2013
    Info: Elapsed time: 00:00:02
    Info: Total CPU time (on all processors): 00:00:02


