Flow report for psconfig_top
Fri Oct 25 23:27:00 2013
Quartus II 64-Bit Version 13.0.1 Build 232 06/12/2013 Service Pack 1 SJ Web Edition


---------------------
; Table of Contents ;
---------------------
  1. Legal Notice
  2. Flow Summary
  3. Flow Settings
  4. Flow Non-Default Global Settings
  5. Flow Elapsed Time
  6. Flow OS Summary
  7. Flow Log
  8. Flow Messages
  9. Flow Suppressed Messages



----------------
; Legal Notice ;
----------------
Copyright (C) 1991-2013 Altera Corporation
Your use of Altera Corporation's design tools, logic functions 
and other software and tools, and its AMPP partner logic 
functions, and any output files from any of the foregoing 
(including device programming or simulation files), and any 
associated documentation or information are expressly subject 
to the terms and conditions of the Altera Program License 
Subscription Agreement, Altera MegaCore Function License 
Agreement, or other applicable license agreement, including, 
without limitation, that your use is for the sole purpose of 
programming logic devices manufactured by Altera and sold by 
Altera or its authorized distributors.  Please refer to the 
applicable agreement for further details.



+-----------------------------------------------------------------------------+
; Flow Summary                                                                ;
+---------------------------+-------------------------------------------------+
; Flow Status               ; Successful - Fri Oct 25 23:27:00 2013           ;
; Quartus II 64-Bit Version ; 13.0.1 Build 232 06/12/2013 SP 1 SJ Web Edition ;
; Revision Name             ; psconfig_top                                    ;
; Top-level Entity Name     ; psconfig_top                                    ;
; Family                    ; MAX V                                           ;
; Device                    ; 5M160ZE64C5                                     ;
; Timing Models             ; Final                                           ;
; Total logic elements      ; 149 / 160 ( 93 % )                              ;
; Total pins                ; 40 / 54 ( 74 % )                                ;
; Total virtual pins        ; 0                                               ;
; UFM blocks                ; 1 / 1 ( 100 % )                                 ;
+---------------------------+-------------------------------------------------+


+-----------------------------------------+
; Flow Settings                           ;
+-------------------+---------------------+
; Option            ; Setting             ;
+-------------------+---------------------+
; Start date & time ; 10/25/2013 23:26:52 ;
; Main task         ; Compilation         ;
; Revision Name     ; psconfig_top        ;
+-------------------+---------------------+


+----------------------------------------------------------------------------------------------------------------+
; Flow Non-Default Global Settings                                                                               ;
+-------------------------------+---------------------------------+---------------+-------------+----------------+
; Assignment Name               ; Value                           ; Default Value ; Entity Name ; Section Id     ;
+-------------------------------+---------------------------------+---------------+-------------+----------------+
; COMPILER_SIGNATURE_ID         ; 202818018146334.138271121206692 ; --            ; --          ; --             ;
; EDA_OUTPUT_DATA_FORMAT        ; Vhdl                            ; --            ; --          ; eda_simulation ;
; EDA_SIMULATION_TOOL           ; ModelSim-Altera (VHDL)          ; <None>        ; --          ; --             ;
; MAXII_OPTIMIZATION_TECHNIQUE  ; Area                            ; Balanced      ; --          ; --             ;
; MAX_CORE_JUNCTION_TEMP        ; 85                              ; --            ; --          ; --             ;
; MIN_CORE_JUNCTION_TEMP        ; 0                               ; --            ; --          ; --             ;
; PROJECT_OUTPUT_DIRECTORY      ; output_files                    ; --            ; --          ; --             ;
; SYNTH_TIMING_DRIVEN_SYNTHESIS ; Off                             ; --            ; --          ; --             ;
+-------------------------------+---------------------------------+---------------+-------------+----------------+


+-------------------------------------------------------------------------------------------------------------------------------+
; Flow Elapsed Time                                                                                                             ;
+---------------------------+--------------+-------------------------+---------------------+------------------------------------+
; Module Name               ; Elapsed Time ; Average Processors Used ; Peak Virtual Memory ; Total CPU Time (on all processors) ;
+---------------------------+--------------+-------------------------+---------------------+------------------------------------+
; Analysis & Synthesis      ; 00:00:02     ; 1.0                     ; 472 MB              ; 00:00:02                           ;
; Fitter                    ; 00:00:01     ; 1.0                     ; 967 MB              ; 00:00:02                           ;
; Assembler                 ; 00:00:01     ; 1.0                     ; 404 MB              ; 00:00:01                           ;
; TimeQuest Timing Analyzer ; 00:00:01     ; 1.0                     ; 418 MB              ; 00:00:01                           ;
; EDA Netlist Writer        ; 00:00:01     ; 1.0                     ; 372 MB              ; 00:00:01                           ;
; Total                     ; 00:00:06     ; --                      ; --                  ; 00:00:07                           ;
+---------------------------+--------------+-------------------------+---------------------+------------------------------------+


+----------------------------------------------------------------------------------------+
; Flow OS Summary                                                                        ;
+---------------------------+------------------+-----------+------------+----------------+
; Module Name               ; Machine Hostname ; OS Name   ; OS Version ; Processor type ;
+---------------------------+------------------+-----------+------------+----------------+
; Analysis & Synthesis      ; BRUENNHILDE      ; Windows 7 ; 6.2        ; x86_64         ;
; Fitter                    ; BRUENNHILDE      ; Windows 7 ; 6.2        ; x86_64         ;
; Assembler                 ; BRUENNHILDE      ; Windows 7 ; 6.2        ; x86_64         ;
; TimeQuest Timing Analyzer ; BRUENNHILDE      ; Windows 7 ; 6.2        ; x86_64         ;
; EDA Netlist Writer        ; BRUENNHILDE      ; Windows 7 ; 6.2        ; x86_64         ;
+---------------------------+------------------+-----------+------------+----------------+


------------
; Flow Log ;
------------
quartus_map --read_settings_files=on --write_settings_files=off psconfig_top -c psconfig_top
quartus_fit --read_settings_files=off --write_settings_files=off psconfig_top -c psconfig_top
quartus_asm --read_settings_files=off --write_settings_files=off psconfig_top -c psconfig_top
quartus_sta psconfig_top -c psconfig_top
quartus_eda --read_settings_files=off --write_settings_files=off psconfig_top -c psconfig_top



